[2024-12-25 20:02:17] Commission calculated Context: {"order_id":255,"product":"BYD Seal (2024-Present) - Black \/ Black \/ Front + Rear","product_type":"TRAPO CLASSIC","rule_type":"product_type","rate":10,"item_total":279.9,"commission":27.99}
[2024-12-25 20:02:17] Commission calculated Context: {"order_id":237,"product":"Trapo Tint Chroma - (L)","product_type":"OFFLINE SERVICE","rule_type":"product_type","rate":10,"item_total":2501.71,"commission":250.17100000000002}
[2024-12-25 20:02:17] Commission calculated Context: {"order_id":237,"product":"Trapo Coating Quik Shield - (L)","product_type":"OFFLINE SERVICE","rule_type":"product_type","rate":10,"item_total":699,"commission":69.9}
[2024-12-25 20:02:17] Commission calculated Context: {"order_id":238,"product":"BYD Seal (2024-Present) - Black \/ Black \/ Front + Rear","product_type":"TRAPO CLASSIC","rule_type":"product_type","rate":10,"item_total":285.47,"commission":28.547000000000004}
[2024-12-25 20:02:17] Commission calculated Context: {"order_id":238,"product":"Trapo Tint Chroma - (L)","product_type":"OFFLINE SERVICE","rule_type":"product_type","rate":10,"item_total":2623.91,"commission":262.391}
[2024-12-25 20:02:17] Commission calculated Context: {"order_id":240,"product":"BYD Seal (2024-Present) - Black \/ Black \/ Front + Rear","product_type":"TRAPO CLASSIC","rule_type":"product_type","rate":10,"item_total":272.18,"commission":27.218000000000004}
[2024-12-25 20:02:17] Commission calculated Context: {"order_id":240,"product":"Trapo Tint Chroma - (L)","product_type":"OFFLINE SERVICE","rule_type":"product_type","rate":10,"item_total":2501.71,"commission":250.17100000000002}
[2024-12-25 20:02:17] Commission calculated Context: {"order_id":240,"product":"Trapo Coating Quik Shield - (L)","product_type":"OFFLINE SERVICE","rule_type":"product_type","rate":10,"item_total":699,"commission":69.9}
[2024-12-25 20:02:17] Commission calculated Context: {"order_id":241,"product":"BYD Dolphin (2023-Present) - Black \/ Black \/ Front + Rear","product_type":"TRAPO CLASSIC","rule_type":"product_type","rate":10,"item_total":260.02,"commission":26.002}
[2024-12-25 20:02:17] Commission calculated Context: {"order_id":241,"product":"Trapo Tint Chroma - (M)","product_type":"OFFLINE SERVICE","rule_type":"product_type","rate":10,"item_total":2378,"commission":237.8}
[2024-12-25 20:02:17] Commission calculated Context: {"order_id":241,"product":"Trapo Coating Quik Shield - (M)","product_type":"OFFLINE SERVICE","rule_type":"product_type","rate":10,"item_total":631.66,"commission":63.166}
[2024-12-26 05:33:37] Commission calculated Context: {"order_id":253,"product":"Trapo Coating Quik Shield - (S)","product_type":"OFFLINE SERVICE","rule_type":"product_type","rate":10,"item_total":2185.3,"commission":218.53000000000003}
[2024-12-26 05:33:37] Commission calculated Context: {"order_id":254,"product":"BYD M6 7-Seater (2024-Present) - Black \/ Black \/ All Included","product_type":"TRAPO CLASSIC","rule_type":"product_type","rate":10,"item_total":507.83,"commission":50.783}
[2024-12-26 05:33:37] Commission calculated Context: {"order_id":254,"product":"BYD M6 7-Seater (2024-Present) - Black \/ Black \/ Front + Rear","product_type":"TRAPO CLASSIC","rule_type":"product_type","rate":10,"item_total":325.9,"commission":32.589999999999996}
[2024-12-26 05:33:37] Commission calculated Context: {"order_id":255,"product":"BYD Seal (2024-Present) - Black \/ Black \/ Front + Rear","product_type":"TRAPO CLASSIC","rule_type":"product_type","rate":10,"item_total":279.9,"commission":27.99}
[2024-12-26 05:33:37] Commission calculated Context: {"order_id":230,"product":"BYD Atto 3 Extended (2022-Present) - Black \/ Black \/ Front + Rear","product_type":"TRAPO CLASSIC","rule_type":"product_type","rate":10,"item_total":277.44,"commission":27.744}
[2024-12-26 05:33:37] Commission calculated Context: {"order_id":230,"product":"Trapo Tint Chroma - (L) \/ Sunroof","product_type":"OFFLINE SERVICE","rule_type":"product_type","rate":10,"item_total":2550.05,"commission":255.00500000000002}
[2024-12-26 05:33:37] Commission calculated Context: {"order_id":230,"product":"Trapo Coating Quik Shield - (L)","product_type":"OFFLINE SERVICE","rule_type":"product_type","rate":10,"item_total":712.51,"commission":71.251}
[2024-12-26 05:33:37] Commission calculated Context: {"order_id":231,"product":"BYD Dolphin (2023-Present) - Black \/ Black \/ Front + Rear","product_type":"TRAPO CLASSIC","rule_type":"product_type","rate":10,"item_total":262.44,"commission":26.244}
[2024-12-26 05:33:37] Commission calculated Context: {"order_id":231,"product":"Trapo Tint Chroma - (M) \/ Sunroof","product_type":"OFFLINE SERVICE","rule_type":"product_type","rate":10,"item_total":2400.05,"commission":240.00500000000002}
[2024-12-26 05:33:37] Commission calculated Context: {"order_id":231,"product":"Trapo Coating Quik Shield - (M)","product_type":"OFFLINE SERVICE","rule_type":"product_type","rate":10,"item_total":637.51,"commission":63.751000000000005}
[2024-12-26 05:33:37] Commission calculated Context: {"order_id":232,"product":"Trapo Tint Chroma - (L) \/ Sunroof","product_type":"OFFLINE SERVICE","rule_type":"product_type","rate":10,"item_total":2350.68,"commission":235.06799999999998}
[2024-12-26 05:33:37] Commission calculated Context: {"order_id":232,"product":"Trapo Coating Quik Shield - (L)","product_type":"OFFLINE SERVICE","rule_type":"product_type","rate":10,"item_total":656.81,"commission":65.681}
[2024-12-26 05:33:37] Commission calculated Context: {"order_id":235,"product":"Trapo Tint Chroma - (L)","product_type":"OFFLINE SERVICE","rule_type":"product_type","rate":10,"item_total":2623.91,"commission":262.391}
[2024-12-26 05:33:37] Commission calculated Context: {"order_id":236,"product":"Trapo Tint Chroma - (L)","product_type":"OFFLINE SERVICE","rule_type":"product_type","rate":10,"item_total":2530.51,"commission":253.05100000000004}
[2024-12-26 05:33:37] Commission calculated Context: {"order_id":236,"product":"Trapo Coating Quik Shield - (L)","product_type":"OFFLINE SERVICE","rule_type":"product_type","rate":10,"item_total":707.05,"commission":70.705}
[2024-12-26 05:33:37] Commission calculated Context: {"order_id":237,"product":"Trapo Tint Chroma - (L)","product_type":"OFFLINE SERVICE","rule_type":"product_type","rate":10,"item_total":2501.71,"commission":250.17100000000002}
[2024-12-26 05:33:37] Commission calculated Context: {"order_id":237,"product":"Trapo Coating Quik Shield - (L)","product_type":"OFFLINE SERVICE","rule_type":"product_type","rate":10,"item_total":699,"commission":69.9}
[2024-12-26 05:33:37] Commission calculated Context: {"order_id":238,"product":"BYD Seal (2024-Present) - Black \/ Black \/ Front + Rear","product_type":"TRAPO CLASSIC","rule_type":"product_type","rate":10,"item_total":285.47,"commission":28.547000000000004}
[2024-12-26 05:33:37] Commission calculated Context: {"order_id":238,"product":"Trapo Tint Chroma - (L)","product_type":"OFFLINE SERVICE","rule_type":"product_type","rate":10,"item_total":2623.91,"commission":262.391}
[2024-12-26 05:33:37] Commission calculated Context: {"order_id":239,"product":"BYD Seal (2024-Present) - Black \/ Black \/ Front + Rear","product_type":"TRAPO CLASSIC","rule_type":"product_type","rate":10,"item_total":258.63,"commission":25.863}
[2024-12-26 05:33:37] Commission calculated Context: {"order_id":239,"product":"Trapo Coating Quik Shield - (L)","product_type":"OFFLINE SERVICE","rule_type":"product_type","rate":10,"item_total":664.2,"commission":66.42}
[2024-12-26 05:33:37] Commission calculated Context: {"order_id":239,"product":"Trapo Tint Chroma - (L)","product_type":"OFFLINE SERVICE","rule_type":"product_type","rate":10,"item_total":2377.17,"commission":237.717}
[2024-12-26 05:33:37] Commission calculated Context: {"order_id":240,"product":"BYD Seal (2024-Present) - Black \/ Black \/ Front + Rear","product_type":"TRAPO CLASSIC","rule_type":"product_type","rate":10,"item_total":272.18,"commission":27.218000000000004}
[2024-12-26 05:33:37] Commission calculated Context: {"order_id":240,"product":"Trapo Tint Chroma - (L)","product_type":"OFFLINE SERVICE","rule_type":"product_type","rate":10,"item_total":2501.71,"commission":250.17100000000002}
[2024-12-26 05:33:37] Commission calculated Context: {"order_id":240,"product":"Trapo Coating Quik Shield - (L)","product_type":"OFFLINE SERVICE","rule_type":"product_type","rate":10,"item_total":699,"commission":69.9}
[2024-12-26 05:33:37] Commission calculated Context: {"order_id":241,"product":"BYD Dolphin (2023-Present) - Black \/ Black \/ Front + Rear","product_type":"TRAPO CLASSIC","rule_type":"product_type","rate":10,"item_total":260.02,"commission":26.002}
[2024-12-26 05:33:37] Commission calculated Context: {"order_id":241,"product":"Trapo Tint Chroma - (M)","product_type":"OFFLINE SERVICE","rule_type":"product_type","rate":10,"item_total":2378,"commission":237.8}
[2024-12-26 05:33:37] Commission calculated Context: {"order_id":241,"product":"Trapo Coating Quik Shield - (M)","product_type":"OFFLINE SERVICE","rule_type":"product_type","rate":10,"item_total":631.66,"commission":63.166}
[2024-12-26 05:33:37] Commission calculated Context: {"order_id":242,"product":"BYD Seal (2024-Present) - Black \/ Black \/ Front + Rear","product_type":"TRAPO CLASSIC","rule_type":"product_type","rate":10,"item_total":258.63,"commission":25.863}
[2024-12-26 05:33:37] Commission calculated Context: {"order_id":242,"product":"Trapo Coating Quik Shield - (L)","product_type":"OFFLINE SERVICE","rule_type":"product_type","rate":10,"item_total":664.2,"commission":66.42}
[2024-12-26 05:33:37] Commission calculated Context: {"order_id":242,"product":"Trapo Tint Chroma - (L)","product_type":"OFFLINE SERVICE","rule_type":"product_type","rate":10,"item_total":2377.17,"commission":237.717}
[2024-12-26 05:33:37] Commission calculated Context: {"order_id":243,"product":"BYD Dolphin (2023-Present) - Black \/ Black \/ Front + Rear","product_type":"TRAPO CLASSIC","rule_type":"product_type","rate":10,"item_total":262.44,"commission":26.244}
[2024-12-26 05:33:37] Commission calculated Context: {"order_id":243,"product":"Trapo Tint Chroma - (M)","product_type":"OFFLINE SERVICE","rule_type":"product_type","rate":10,"item_total":2400.05,"commission":240.00500000000002}
[2024-12-26 05:33:37] Commission calculated Context: {"order_id":243,"product":"Trapo Coating Quik Shield - (M)","product_type":"OFFLINE SERVICE","rule_type":"product_type","rate":10,"item_total":637.51,"commission":63.751000000000005}
[2024-12-26 05:33:37] Commission calculated Context: {"order_id":244,"product":"BYD Atto 3 Standard (2022-Present) - Black \/ Black \/ Front + Rear","product_type":"TRAPO CLASSIC","rule_type":"product_type","rate":10,"item_total":181.94,"commission":18.194}
[2024-12-26 05:33:37] Commission calculated Context: {"order_id":252,"product":"BYD Seal (2024-Present) - Black \/ Black \/ Front + Rear","product_type":"TRAPO CLASSIC","rule_type":"product_type","rate":10,"item_total":279.9,"commission":27.99}
[2024-12-26 05:33:45] Commission calculated Context: {"order_id":253,"product":"Trapo Coating Quik Shield - (S)","product_type":"OFFLINE SERVICE","rule_type":"product_type","rate":10,"item_total":2185.3,"commission":218.53000000000003}
[2024-12-26 05:33:45] Commission calculated Context: {"order_id":254,"product":"BYD M6 7-Seater (2024-Present) - Black \/ Black \/ All Included","product_type":"TRAPO CLASSIC","rule_type":"product_type","rate":10,"item_total":507.83,"commission":50.783}
[2024-12-26 05:33:45] Commission calculated Context: {"order_id":254,"product":"BYD M6 7-Seater (2024-Present) - Black \/ Black \/ Front + Rear","product_type":"TRAPO CLASSIC","rule_type":"product_type","rate":10,"item_total":325.9,"commission":32.589999999999996}
[2024-12-26 05:33:45] Commission calculated Context: {"order_id":255,"product":"BYD Seal (2024-Present) - Black \/ Black \/ Front + Rear","product_type":"TRAPO CLASSIC","rule_type":"product_type","rate":10,"item_total":279.9,"commission":27.99}
[2024-12-26 05:33:45] Commission calculated Context: {"order_id":230,"product":"BYD Atto 3 Extended (2022-Present) - Black \/ Black \/ Front + Rear","product_type":"TRAPO CLASSIC","rule_type":"product_type","rate":10,"item_total":277.44,"commission":27.744}
[2024-12-26 05:33:45] Commission calculated Context: {"order_id":230,"product":"Trapo Tint Chroma - (L) \/ Sunroof","product_type":"OFFLINE SERVICE","rule_type":"product_type","rate":10,"item_total":2550.05,"commission":255.00500000000002}
[2024-12-26 05:33:45] Commission calculated Context: {"order_id":230,"product":"Trapo Coating Quik Shield - (L)","product_type":"OFFLINE SERVICE","rule_type":"product_type","rate":10,"item_total":712.51,"commission":71.251}
[2024-12-26 05:33:45] Commission calculated Context: {"order_id":231,"product":"BYD Dolphin (2023-Present) - Black \/ Black \/ Front + Rear","product_type":"TRAPO CLASSIC","rule_type":"product_type","rate":10,"item_total":262.44,"commission":26.244}
[2024-12-26 05:33:45] Commission calculated Context: {"order_id":231,"product":"Trapo Tint Chroma - (M) \/ Sunroof","product_type":"OFFLINE SERVICE","rule_type":"product_type","rate":10,"item_total":2400.05,"commission":240.00500000000002}
[2024-12-26 05:33:45] Commission calculated Context: {"order_id":231,"product":"Trapo Coating Quik Shield - (M)","product_type":"OFFLINE SERVICE","rule_type":"product_type","rate":10,"item_total":637.51,"commission":63.751000000000005}
[2024-12-26 05:33:45] Commission calculated Context: {"order_id":232,"product":"Trapo Tint Chroma - (L) \/ Sunroof","product_type":"OFFLINE SERVICE","rule_type":"product_type","rate":10,"item_total":2350.68,"commission":235.06799999999998}
[2024-12-26 05:33:45] Commission calculated Context: {"order_id":232,"product":"Trapo Coating Quik Shield - (L)","product_type":"OFFLINE SERVICE","rule_type":"product_type","rate":10,"item_total":656.81,"commission":65.681}
[2024-12-26 05:33:45] Commission calculated Context: {"order_id":235,"product":"Trapo Tint Chroma - (L)","product_type":"OFFLINE SERVICE","rule_type":"product_type","rate":10,"item_total":2623.91,"commission":262.391}
[2024-12-26 05:33:45] Commission calculated Context: {"order_id":236,"product":"Trapo Tint Chroma - (L)","product_type":"OFFLINE SERVICE","rule_type":"product_type","rate":10,"item_total":2530.51,"commission":253.05100000000004}
[2024-12-26 05:33:45] Commission calculated Context: {"order_id":236,"product":"Trapo Coating Quik Shield - (L)","product_type":"OFFLINE SERVICE","rule_type":"product_type","rate":10,"item_total":707.05,"commission":70.705}
[2024-12-26 05:33:45] Commission calculated Context: {"order_id":237,"product":"Trapo Tint Chroma - (L)","product_type":"OFFLINE SERVICE","rule_type":"product_type","rate":10,"item_total":2501.71,"commission":250.17100000000002}
[2024-12-26 05:33:45] Commission calculated Context: {"order_id":237,"product":"Trapo Coating Quik Shield - (L)","product_type":"OFFLINE SERVICE","rule_type":"product_type","rate":10,"item_total":699,"commission":69.9}
[2024-12-26 05:33:45] Commission calculated Context: {"order_id":238,"product":"BYD Seal (2024-Present) - Black \/ Black \/ Front + Rear","product_type":"TRAPO CLASSIC","rule_type":"product_type","rate":10,"item_total":285.47,"commission":28.547000000000004}
[2024-12-26 05:33:45] Commission calculated Context: {"order_id":238,"product":"Trapo Tint Chroma - (L)","product_type":"OFFLINE SERVICE","rule_type":"product_type","rate":10,"item_total":2623.91,"commission":262.391}
[2024-12-26 05:33:45] Commission calculated Context: {"order_id":239,"product":"BYD Seal (2024-Present) - Black \/ Black \/ Front + Rear","product_type":"TRAPO CLASSIC","rule_type":"product_type","rate":10,"item_total":258.63,"commission":25.863}
[2024-12-26 05:33:45] Commission calculated Context: {"order_id":239,"product":"Trapo Coating Quik Shield - (L)","product_type":"OFFLINE SERVICE","rule_type":"product_type","rate":10,"item_total":664.2,"commission":66.42}
[2024-12-26 05:33:45] Commission calculated Context: {"order_id":239,"product":"Trapo Tint Chroma - (L)","product_type":"OFFLINE SERVICE","rule_type":"product_type","rate":10,"item_total":2377.17,"commission":237.717}
[2024-12-26 05:33:45] Commission calculated Context: {"order_id":240,"product":"BYD Seal (2024-Present) - Black \/ Black \/ Front + Rear","product_type":"TRAPO CLASSIC","rule_type":"product_type","rate":10,"item_total":272.18,"commission":27.218000000000004}
[2024-12-26 05:33:45] Commission calculated Context: {"order_id":240,"product":"Trapo Tint Chroma - (L)","product_type":"OFFLINE SERVICE","rule_type":"product_type","rate":10,"item_total":2501.71,"commission":250.17100000000002}
[2024-12-26 05:33:45] Commission calculated Context: {"order_id":240,"product":"Trapo Coating Quik Shield - (L)","product_type":"OFFLINE SERVICE","rule_type":"product_type","rate":10,"item_total":699,"commission":69.9}
[2024-12-26 05:33:45] Commission calculated Context: {"order_id":241,"product":"BYD Dolphin (2023-Present) - Black \/ Black \/ Front + Rear","product_type":"TRAPO CLASSIC","rule_type":"product_type","rate":10,"item_total":260.02,"commission":26.002}
[2024-12-26 05:33:45] Commission calculated Context: {"order_id":241,"product":"Trapo Tint Chroma - (M)","product_type":"OFFLINE SERVICE","rule_type":"product_type","rate":10,"item_total":2378,"commission":237.8}
[2024-12-26 05:33:45] Commission calculated Context: {"order_id":241,"product":"Trapo Coating Quik Shield - (M)","product_type":"OFFLINE SERVICE","rule_type":"product_type","rate":10,"item_total":631.66,"commission":63.166}
[2024-12-26 05:33:45] Commission calculated Context: {"order_id":242,"product":"BYD Seal (2024-Present) - Black \/ Black \/ Front + Rear","product_type":"TRAPO CLASSIC","rule_type":"product_type","rate":10,"item_total":258.63,"commission":25.863}
[2024-12-26 05:33:45] Commission calculated Context: {"order_id":242,"product":"Trapo Coating Quik Shield - (L)","product_type":"OFFLINE SERVICE","rule_type":"product_type","rate":10,"item_total":664.2,"commission":66.42}
[2024-12-26 05:33:45] Commission calculated Context: {"order_id":242,"product":"Trapo Tint Chroma - (L)","product_type":"OFFLINE SERVICE","rule_type":"product_type","rate":10,"item_total":2377.17,"commission":237.717}
[2024-12-26 05:33:45] Commission calculated Context: {"order_id":243,"product":"BYD Dolphin (2023-Present) - Black \/ Black \/ Front + Rear","product_type":"TRAPO CLASSIC","rule_type":"product_type","rate":10,"item_total":262.44,"commission":26.244}
[2024-12-26 05:33:45] Commission calculated Context: {"order_id":243,"product":"Trapo Tint Chroma - (M)","product_type":"OFFLINE SERVICE","rule_type":"product_type","rate":10,"item_total":2400.05,"commission":240.00500000000002}
[2024-12-26 05:33:45] Commission calculated Context: {"order_id":243,"product":"Trapo Coating Quik Shield - (M)","product_type":"OFFLINE SERVICE","rule_type":"product_type","rate":10,"item_total":637.51,"commission":63.751000000000005}
[2024-12-26 05:33:45] Commission calculated Context: {"order_id":244,"product":"BYD Atto 3 Standard (2022-Present) - Black \/ Black \/ Front + Rear","product_type":"TRAPO CLASSIC","rule_type":"product_type","rate":10,"item_total":181.94,"commission":18.194}
[2024-12-26 05:33:45] Commission calculated Context: {"order_id":252,"product":"BYD Seal (2024-Present) - Black \/ Black \/ Front + Rear","product_type":"TRAPO CLASSIC","rule_type":"product_type","rate":10,"item_total":279.9,"commission":27.99}
