[2025-01-05 13:15:07] Starting commission details retrieval for ID: 435
[2025-01-05 13:15:07] Retrieved commission data Context: {"commission_id":435,"agent_name":"Sarah Yusof","agent_email":"sarahyusof.my@trapo.com"}
[2025-01-05 13:15:07] Commission Rules from DB Context: [{"id":6,"rule_type":"product_type","rule_value":"OFFLINE SERVICE","commission_percentage":"10.00","status":"active","created_at":"2024-12-11 20:45:45","updated_at":"2024-12-11 20:45:45"},{"id":12,"rule_type":"product_type","rule_value":"TRAPO ECO","commission_percentage":"35.00","status":"active","created_at":"2024-12-24 11:31:05","updated_at":"2024-12-26 00:31:26"},{"id":13,"rule_type":"product_type","rule_value":"TRAPO CLASSIC","commission_percentage":"10.00","status":"active","created_at":"2024-12-26 00:31:46","updated_at":"2024-12-26 00:31:46"},{"id":14,"rule_type":"product_type","rule_value":"TRAPO HEX","commission_percentage":"10.00","status":"active","created_at":"2024-12-26 00:31:55","updated_at":"2024-12-26 00:31:55"},{"id":15,"rule_type":"product_type","rule_value":"TRAPO HEX ULTIMATE","commission_percentage":"10.00","status":"active","created_at":"2024-12-26 00:32:04","updated_at":"2024-12-26 00:32:04"},{"id":16,"rule_type":"product_type","rule_value":"TRAPO ACCESSORIES","commission_percentage":"15.00","status":"active","created_at":"2024-12-26 11:59:18","updated_at":"2024-12-26 11:59:18"},{"id":17,"rule_type":"product_type","rule_value":"TRAPO DASHCAM","commission_percentage":"5.00","status":"active","created_at":"2025-01-05 16:57:42","updated_at":"2025-01-05 16:57:42"}]
[2025-01-05 13:15:07] Line items decoded Context: {"count":1}
[2025-01-05 13:15:07] Got product type from Shopify API Context: {"product_id":8884484047103,"type":"TRAPO DASHCAM"}
[2025-01-05 13:15:07] Getting commission rate Context: {"product_type":"TRAPO DASHCAM","product_tags":[]}
[2025-01-05 13:15:07] Found rule by product type Context: {"id":17,"rule_type":"product_type","rule_value":"TRAPO DASHCAM","commission_percentage":"5.00","status":"active","created_at":"2025-01-05 16:57:42","updated_at":"2025-01-05 16:57:42"}
[2025-01-05 13:17:31] Starting commission details retrieval for ID: 464
[2025-01-05 13:17:31] Retrieved commission data Context: {"commission_id":464,"agent_name":"MTSB BYD Bandar Utama","agent_email":"bydbu.mtsb@gmail.com"}
[2025-01-05 13:17:31] Commission Rules from DB Context: [{"id":6,"rule_type":"product_type","rule_value":"OFFLINE SERVICE","commission_percentage":"10.00","status":"active","created_at":"2024-12-11 20:45:45","updated_at":"2024-12-11 20:45:45"},{"id":12,"rule_type":"product_type","rule_value":"TRAPO ECO","commission_percentage":"35.00","status":"active","created_at":"2024-12-24 11:31:05","updated_at":"2024-12-26 00:31:26"},{"id":13,"rule_type":"product_type","rule_value":"TRAPO CLASSIC","commission_percentage":"10.00","status":"active","created_at":"2024-12-26 00:31:46","updated_at":"2024-12-26 00:31:46"},{"id":14,"rule_type":"product_type","rule_value":"TRAPO HEX","commission_percentage":"10.00","status":"active","created_at":"2024-12-26 00:31:55","updated_at":"2024-12-26 00:31:55"},{"id":15,"rule_type":"product_type","rule_value":"TRAPO HEX ULTIMATE","commission_percentage":"10.00","status":"active","created_at":"2024-12-26 00:32:04","updated_at":"2024-12-26 00:32:04"},{"id":16,"rule_type":"product_type","rule_value":"TRAPO ACCESSORIES","commission_percentage":"15.00","status":"active","created_at":"2024-12-26 11:59:18","updated_at":"2024-12-26 11:59:18"},{"id":17,"rule_type":"product_type","rule_value":"TRAPO DASHCAM","commission_percentage":"5.00","status":"active","created_at":"2025-01-05 16:57:42","updated_at":"2025-01-05 16:57:42"}]
[2025-01-05 13:17:31] Line items decoded Context: {"count":4}
[2025-01-05 13:17:31] Got product type from Shopify API Context: {"product_id":8932996448511,"type":"TRAPO HEX"}
[2025-01-05 13:17:31] Getting commission rate Context: {"product_type":"TRAPO HEX","product_tags":[]}
[2025-01-05 13:17:31] Found rule by product type Context: {"id":14,"rule_type":"product_type","rule_value":"TRAPO HEX","commission_percentage":"10.00","status":"active","created_at":"2024-12-26 00:31:55","updated_at":"2024-12-26 00:31:55"}
[2025-01-05 13:17:32] Got product type from Shopify API Context: {"product_id":8882078875903,"type":"TRAPO CLASSIC"}
[2025-01-05 13:17:32] Getting commission rate Context: {"product_type":"TRAPO CLASSIC","product_tags":[]}
[2025-01-05 13:17:32] Found rule by product type Context: {"id":13,"rule_type":"product_type","rule_value":"TRAPO CLASSIC","commission_percentage":"10.00","status":"active","created_at":"2024-12-26 00:31:46","updated_at":"2024-12-26 00:31:46"}
[2025-01-05 13:17:32] Got product type from Shopify API Context: {"product_id":8882074845439,"type":"TRAPO CLASSIC"}
[2025-01-05 13:17:32] Getting commission rate Context: {"product_type":"TRAPO CLASSIC","product_tags":[]}
[2025-01-05 13:17:32] Found rule by product type Context: {"id":13,"rule_type":"product_type","rule_value":"TRAPO CLASSIC","commission_percentage":"10.00","status":"active","created_at":"2024-12-26 00:31:46","updated_at":"2024-12-26 00:31:46"}
[2025-01-05 13:17:33] Got product type from Shopify API Context: {"product_id":8932996415743,"type":"TRAPO ECO"}
[2025-01-05 13:17:33] Getting commission rate Context: {"product_type":"TRAPO ECO","product_tags":[]}
[2025-01-05 13:17:33] Found rule by product type Context: {"id":12,"rule_type":"product_type","rule_value":"TRAPO ECO","commission_percentage":"35.00","status":"active","created_at":"2024-12-24 11:31:05","updated_at":"2024-12-26 00:31:26"}
[2025-01-05 13:22:14] Starting commission details retrieval for ID: 493
[2025-01-05 13:22:14] Retrieved commission data Context: {"commission_id":493,"agent_name":"MTSB BYD Bandar Utama","agent_email":"bydbu.mtsb@gmail.com"}
[2025-01-05 13:22:14] Commission Rules from DB Context: [{"id":6,"rule_type":"product_type","rule_value":"OFFLINE SERVICE","commission_percentage":"10.00","status":"active","created_at":"2024-12-11 20:45:45","updated_at":"2024-12-11 20:45:45"},{"id":12,"rule_type":"product_type","rule_value":"TRAPO ECO","commission_percentage":"35.00","status":"active","created_at":"2024-12-24 11:31:05","updated_at":"2024-12-26 00:31:26"},{"id":13,"rule_type":"product_type","rule_value":"TRAPO CLASSIC","commission_percentage":"10.00","status":"active","created_at":"2024-12-26 00:31:46","updated_at":"2024-12-26 00:31:46"},{"id":14,"rule_type":"product_type","rule_value":"TRAPO HEX","commission_percentage":"10.00","status":"active","created_at":"2024-12-26 00:31:55","updated_at":"2024-12-26 00:31:55"},{"id":15,"rule_type":"product_type","rule_value":"TRAPO HEX ULTIMATE","commission_percentage":"10.00","status":"active","created_at":"2024-12-26 00:32:04","updated_at":"2024-12-26 00:32:04"},{"id":16,"rule_type":"product_type","rule_value":"TRAPO ACCESSORIES","commission_percentage":"15.00","status":"active","created_at":"2024-12-26 11:59:18","updated_at":"2024-12-26 11:59:18"},{"id":17,"rule_type":"product_type","rule_value":"TRAPO DASHCAM","commission_percentage":"5.00","status":"active","created_at":"2025-01-05 16:57:42","updated_at":"2025-01-05 16:57:42"}]
[2025-01-05 13:22:14] Line items decoded Context: {"count":4}
[2025-01-05 13:22:15] Got product type from Shopify API Context: {"product_id":8932996448511,"type":"TRAPO HEX"}
[2025-01-05 13:22:15] Getting commission rate Context: {"product_type":"TRAPO HEX","product_tags":[]}
[2025-01-05 13:22:15] Found rule by product type Context: {"id":14,"rule_type":"product_type","rule_value":"TRAPO HEX","commission_percentage":"10.00","status":"active","created_at":"2024-12-26 00:31:55","updated_at":"2024-12-26 00:31:55"}
[2025-01-05 13:22:15] Got product type from Shopify API Context: {"product_id":8882078875903,"type":"TRAPO CLASSIC"}
[2025-01-05 13:22:15] Getting commission rate Context: {"product_type":"TRAPO CLASSIC","product_tags":[]}
[2025-01-05 13:22:15] Found rule by product type Context: {"id":13,"rule_type":"product_type","rule_value":"TRAPO CLASSIC","commission_percentage":"10.00","status":"active","created_at":"2024-12-26 00:31:46","updated_at":"2024-12-26 00:31:46"}
[2025-01-05 13:22:16] Got product type from Shopify API Context: {"product_id":8882074845439,"type":"TRAPO CLASSIC"}
[2025-01-05 13:22:16] Getting commission rate Context: {"product_type":"TRAPO CLASSIC","product_tags":[]}
[2025-01-05 13:22:16] Found rule by product type Context: {"id":13,"rule_type":"product_type","rule_value":"TRAPO CLASSIC","commission_percentage":"10.00","status":"active","created_at":"2024-12-26 00:31:46","updated_at":"2024-12-26 00:31:46"}
[2025-01-05 13:22:16] Got product type from Shopify API Context: {"product_id":8932996415743,"type":"TRAPO ECO"}
[2025-01-05 13:22:16] Getting commission rate Context: {"product_type":"TRAPO ECO","product_tags":[]}
[2025-01-05 13:22:16] Found rule by product type Context: {"id":12,"rule_type":"product_type","rule_value":"TRAPO ECO","commission_percentage":"35.00","status":"active","created_at":"2024-12-24 11:31:05","updated_at":"2024-12-26 00:31:26"}
[2025-01-05 13:26:11] Starting commission details retrieval for ID: 522
[2025-01-05 13:26:11] Retrieved commission data Context: {"commission_id":522,"agent_name":"MTSB BYD Bandar Utama","agent_email":"bydbu.mtsb@gmail.com"}
[2025-01-05 13:26:11] Commission Rules from DB Context: [{"id":6,"rule_type":"product_type","rule_value":"OFFLINE SERVICE","commission_percentage":"10.00","status":"active","created_at":"2024-12-11 20:45:45","updated_at":"2024-12-11 20:45:45"},{"id":12,"rule_type":"product_type","rule_value":"TRAPO ECO","commission_percentage":"35.00","status":"active","created_at":"2024-12-24 11:31:05","updated_at":"2024-12-26 00:31:26"},{"id":13,"rule_type":"product_type","rule_value":"TRAPO CLASSIC","commission_percentage":"10.00","status":"active","created_at":"2024-12-26 00:31:46","updated_at":"2024-12-26 00:31:46"},{"id":14,"rule_type":"product_type","rule_value":"TRAPO HEX","commission_percentage":"10.00","status":"active","created_at":"2024-12-26 00:31:55","updated_at":"2024-12-26 00:31:55"},{"id":15,"rule_type":"product_type","rule_value":"TRAPO HEX ULTIMATE","commission_percentage":"10.00","status":"active","created_at":"2024-12-26 00:32:04","updated_at":"2024-12-26 00:32:04"},{"id":16,"rule_type":"product_type","rule_value":"TRAPO ACCESSORIES","commission_percentage":"15.00","status":"active","created_at":"2024-12-26 11:59:18","updated_at":"2024-12-26 11:59:18"},{"id":17,"rule_type":"product_type","rule_value":"TRAPO DASHCAM","commission_percentage":"5.00","status":"active","created_at":"2025-01-05 16:57:42","updated_at":"2025-01-05 16:57:42"}]
[2025-01-05 13:26:11] Line items decoded Context: {"count":4}
[2025-01-05 13:26:11] Got product type from Shopify API Context: {"product_id":8932996448511,"type":"TRAPO HEX"}
[2025-01-05 13:26:11] Getting commission rate Context: {"product_type":"TRAPO HEX","product_tags":[]}
[2025-01-05 13:26:11] Found rule by product type Context: {"id":14,"rule_type":"product_type","rule_value":"TRAPO HEX","commission_percentage":"10.00","status":"active","created_at":"2024-12-26 00:31:55","updated_at":"2024-12-26 00:31:55"}
[2025-01-05 13:26:12] Got product type from Shopify API Context: {"product_id":8882078875903,"type":"TRAPO CLASSIC"}
[2025-01-05 13:26:12] Getting commission rate Context: {"product_type":"TRAPO CLASSIC","product_tags":[]}
[2025-01-05 13:26:12] Found rule by product type Context: {"id":13,"rule_type":"product_type","rule_value":"TRAPO CLASSIC","commission_percentage":"10.00","status":"active","created_at":"2024-12-26 00:31:46","updated_at":"2024-12-26 00:31:46"}
[2025-01-05 13:26:13] Got product type from Shopify API Context: {"product_id":8882074845439,"type":"TRAPO CLASSIC"}
[2025-01-05 13:26:13] Getting commission rate Context: {"product_type":"TRAPO CLASSIC","product_tags":[]}
[2025-01-05 13:26:13] Found rule by product type Context: {"id":13,"rule_type":"product_type","rule_value":"TRAPO CLASSIC","commission_percentage":"10.00","status":"active","created_at":"2024-12-26 00:31:46","updated_at":"2024-12-26 00:31:46"}
[2025-01-05 13:26:14] Got product type from Shopify API Context: {"product_id":8932996415743,"type":"TRAPO ECO"}
[2025-01-05 13:26:14] Getting commission rate Context: {"product_type":"TRAPO ECO","product_tags":[]}
[2025-01-05 13:26:14] Found rule by product type Context: {"id":12,"rule_type":"product_type","rule_value":"TRAPO ECO","commission_percentage":"35.00","status":"active","created_at":"2024-12-24 11:31:05","updated_at":"2024-12-26 00:31:26"}
[2025-01-05 13:31:01] Starting commission details retrieval for ID: 551
[2025-01-05 13:31:01] Retrieved commission data Context: {"commission_id":551,"agent_name":"MTSB BYD Bandar Utama","agent_email":"bydbu.mtsb@gmail.com"}
[2025-01-05 13:31:01] Commission Rules from DB Context: [{"id":6,"rule_type":"product_type","rule_value":"OFFLINE SERVICE","commission_percentage":"10.00","status":"active","created_at":"2024-12-11 20:45:45","updated_at":"2024-12-11 20:45:45"},{"id":12,"rule_type":"product_type","rule_value":"TRAPO ECO","commission_percentage":"35.00","status":"active","created_at":"2024-12-24 11:31:05","updated_at":"2024-12-26 00:31:26"},{"id":13,"rule_type":"product_type","rule_value":"TRAPO CLASSIC","commission_percentage":"10.00","status":"active","created_at":"2024-12-26 00:31:46","updated_at":"2024-12-26 00:31:46"},{"id":14,"rule_type":"product_type","rule_value":"TRAPO HEX","commission_percentage":"10.00","status":"active","created_at":"2024-12-26 00:31:55","updated_at":"2024-12-26 00:31:55"},{"id":15,"rule_type":"product_type","rule_value":"TRAPO HEX ULTIMATE","commission_percentage":"10.00","status":"active","created_at":"2024-12-26 00:32:04","updated_at":"2024-12-26 00:32:04"},{"id":16,"rule_type":"product_type","rule_value":"TRAPO ACCESSORIES","commission_percentage":"15.00","status":"active","created_at":"2024-12-26 11:59:18","updated_at":"2024-12-26 11:59:18"},{"id":17,"rule_type":"product_type","rule_value":"TRAPO DASHCAM","commission_percentage":"5.00","status":"active","created_at":"2025-01-05 16:57:42","updated_at":"2025-01-05 16:57:42"}]
[2025-01-05 13:31:01] Line items decoded Context: {"count":4}
[2025-01-05 13:31:01] Got product type from Shopify API Context: {"product_id":8932996448511,"type":"TRAPO HEX"}
[2025-01-05 13:31:01] Getting commission rate Context: {"product_type":"TRAPO HEX","product_tags":[]}
[2025-01-05 13:31:01] Found rule by product type Context: {"id":14,"rule_type":"product_type","rule_value":"TRAPO HEX","commission_percentage":"10.00","status":"active","created_at":"2024-12-26 00:31:55","updated_at":"2024-12-26 00:31:55"}
[2025-01-05 13:31:02] Got product type from Shopify API Context: {"product_id":8882078875903,"type":"TRAPO CLASSIC"}
[2025-01-05 13:31:02] Getting commission rate Context: {"product_type":"TRAPO CLASSIC","product_tags":[]}
[2025-01-05 13:31:02] Found rule by product type Context: {"id":13,"rule_type":"product_type","rule_value":"TRAPO CLASSIC","commission_percentage":"10.00","status":"active","created_at":"2024-12-26 00:31:46","updated_at":"2024-12-26 00:31:46"}
[2025-01-05 13:31:03] Got product type from Shopify API Context: {"product_id":8882074845439,"type":"TRAPO CLASSIC"}
[2025-01-05 13:31:03] Getting commission rate Context: {"product_type":"TRAPO CLASSIC","product_tags":[]}
[2025-01-05 13:31:03] Found rule by product type Context: {"id":13,"rule_type":"product_type","rule_value":"TRAPO CLASSIC","commission_percentage":"10.00","status":"active","created_at":"2024-12-26 00:31:46","updated_at":"2024-12-26 00:31:46"}
[2025-01-05 13:31:03] Got product type from Shopify API Context: {"product_id":8932996415743,"type":"TRAPO ECO"}
[2025-01-05 13:31:03] Getting commission rate Context: {"product_type":"TRAPO ECO","product_tags":[]}
[2025-01-05 13:31:03] Found rule by product type Context: {"id":12,"rule_type":"product_type","rule_value":"TRAPO ECO","commission_percentage":"35.00","status":"active","created_at":"2024-12-24 11:31:05","updated_at":"2024-12-26 00:31:26"}
[2025-01-05 13:34:34] Starting commission details retrieval for ID: 558
[2025-01-05 13:34:34] Retrieved commission data Context: {"commission_id":558,"agent_name":"Nitin P","agent_email":"nitinpatoliya.my@trapo.com"}
[2025-01-05 13:34:34] Commission Rules from DB Context: [{"id":6,"rule_type":"product_type","rule_value":"OFFLINE SERVICE","commission_percentage":"10.00","status":"active","created_at":"2024-12-11 20:45:45","updated_at":"2024-12-11 20:45:45"},{"id":12,"rule_type":"product_type","rule_value":"TRAPO ECO","commission_percentage":"35.00","status":"active","created_at":"2024-12-24 11:31:05","updated_at":"2024-12-26 00:31:26"},{"id":13,"rule_type":"product_type","rule_value":"TRAPO CLASSIC","commission_percentage":"10.00","status":"active","created_at":"2024-12-26 00:31:46","updated_at":"2024-12-26 00:31:46"},{"id":14,"rule_type":"product_type","rule_value":"TRAPO HEX","commission_percentage":"10.00","status":"active","created_at":"2024-12-26 00:31:55","updated_at":"2024-12-26 00:31:55"},{"id":15,"rule_type":"product_type","rule_value":"TRAPO HEX ULTIMATE","commission_percentage":"10.00","status":"active","created_at":"2024-12-26 00:32:04","updated_at":"2024-12-26 00:32:04"},{"id":16,"rule_type":"product_type","rule_value":"TRAPO ACCESSORIES","commission_percentage":"15.00","status":"active","created_at":"2024-12-26 11:59:18","updated_at":"2024-12-26 11:59:18"},{"id":17,"rule_type":"product_type","rule_value":"TRAPO DASHCAM","commission_percentage":"5.00","status":"active","created_at":"2025-01-05 16:57:42","updated_at":"2025-01-05 16:57:42"}]
[2025-01-05 13:34:34] Line items decoded Context: {"count":3}
[2025-01-05 13:34:35] Got product type from Shopify API Context: {"product_id":8882076745983,"type":"TRAPO CLASSIC"}
[2025-01-05 13:34:35] Getting commission rate Context: {"product_type":"TRAPO CLASSIC","product_tags":[]}
[2025-01-05 13:34:35] Found rule by product type Context: {"id":13,"rule_type":"product_type","rule_value":"TRAPO CLASSIC","commission_percentage":"10.00","status":"active","created_at":"2024-12-26 00:31:46","updated_at":"2024-12-26 00:31:46"}
[2025-01-05 13:34:35] Got product type from Shopify API Context: {"product_id":8911012757759,"type":"OFFLINE SERVICE"}
[2025-01-05 13:34:35] Getting commission rate Context: {"product_type":"OFFLINE SERVICE","product_tags":[]}
[2025-01-05 13:34:35] Found rule by product type Context: {"id":6,"rule_type":"product_type","rule_value":"OFFLINE SERVICE","commission_percentage":"10.00","status":"active","created_at":"2024-12-11 20:45:45","updated_at":"2024-12-11 20:45:45"}
[2025-01-05 13:34:36] Got product type from Shopify API Context: {"product_id":8911020392703,"type":"OFFLINE SERVICE"}
[2025-01-05 13:34:36] Getting commission rate Context: {"product_type":"OFFLINE SERVICE","product_tags":[]}
[2025-01-05 13:34:36] Found rule by product type Context: {"id":6,"rule_type":"product_type","rule_value":"OFFLINE SERVICE","commission_percentage":"10.00","status":"active","created_at":"2024-12-11 20:45:45","updated_at":"2024-12-11 20:45:45"}
[2025-01-05 13:34:45] Starting commission details retrieval for ID: 581
[2025-01-05 13:34:45] Retrieved commission data Context: {"commission_id":581,"agent_name":"MTSB BYD Bandar Utama","agent_email":"bydbu.mtsb@gmail.com"}
[2025-01-05 13:34:45] Commission Rules from DB Context: [{"id":6,"rule_type":"product_type","rule_value":"OFFLINE SERVICE","commission_percentage":"10.00","status":"active","created_at":"2024-12-11 20:45:45","updated_at":"2024-12-11 20:45:45"},{"id":12,"rule_type":"product_type","rule_value":"TRAPO ECO","commission_percentage":"35.00","status":"active","created_at":"2024-12-24 11:31:05","updated_at":"2024-12-26 00:31:26"},{"id":13,"rule_type":"product_type","rule_value":"TRAPO CLASSIC","commission_percentage":"10.00","status":"active","created_at":"2024-12-26 00:31:46","updated_at":"2024-12-26 00:31:46"},{"id":14,"rule_type":"product_type","rule_value":"TRAPO HEX","commission_percentage":"10.00","status":"active","created_at":"2024-12-26 00:31:55","updated_at":"2024-12-26 00:31:55"},{"id":15,"rule_type":"product_type","rule_value":"TRAPO HEX ULTIMATE","commission_percentage":"10.00","status":"active","created_at":"2024-12-26 00:32:04","updated_at":"2024-12-26 00:32:04"},{"id":16,"rule_type":"product_type","rule_value":"TRAPO ACCESSORIES","commission_percentage":"15.00","status":"active","created_at":"2024-12-26 11:59:18","updated_at":"2024-12-26 11:59:18"},{"id":17,"rule_type":"product_type","rule_value":"TRAPO DASHCAM","commission_percentage":"5.00","status":"active","created_at":"2025-01-05 16:57:42","updated_at":"2025-01-05 16:57:42"}]
[2025-01-05 13:34:45] Line items decoded Context: {"count":2}
[2025-01-05 13:34:45] Got product type from Shopify API Context: {"product_id":8907879842047,"type":"TRAPO ECO"}
[2025-01-05 13:34:45] Getting commission rate Context: {"product_type":"TRAPO ECO","product_tags":[]}
[2025-01-05 13:34:45] Found rule by product type Context: {"id":12,"rule_type":"product_type","rule_value":"TRAPO ECO","commission_percentage":"35.00","status":"active","created_at":"2024-12-24 11:31:05","updated_at":"2024-12-26 00:31:26"}
[2025-01-05 13:34:46] Got product type from Shopify API Context: {"product_id":8881926963455,"type":"TRAPO ECO"}
[2025-01-05 13:34:46] Getting commission rate Context: {"product_type":"TRAPO ECO","product_tags":[]}
[2025-01-05 13:34:46] Found rule by product type Context: {"id":12,"rule_type":"product_type","rule_value":"TRAPO ECO","commission_percentage":"35.00","status":"active","created_at":"2024-12-24 11:31:05","updated_at":"2024-12-26 00:31:26"}
[2025-01-05 13:45:16] Starting commission details retrieval for ID: 582
[2025-01-05 13:45:16] Retrieved commission data Context: {"commission_id":582,"agent_name":"MTSB BYD Bandar Utama","agent_email":"bydbu.mtsb@gmail.com"}
[2025-01-05 13:45:16] Commission Rules from DB Context: [{"id":6,"rule_type":"product_type","rule_value":"OFFLINE SERVICE","commission_percentage":"10.00","status":"active","created_at":"2024-12-11 20:45:45","updated_at":"2024-12-11 20:45:45"},{"id":12,"rule_type":"product_type","rule_value":"TRAPO ECO","commission_percentage":"35.00","status":"active","created_at":"2024-12-24 11:31:05","updated_at":"2024-12-26 00:31:26"},{"id":13,"rule_type":"product_type","rule_value":"TRAPO CLASSIC","commission_percentage":"10.00","status":"active","created_at":"2024-12-26 00:31:46","updated_at":"2024-12-26 00:31:46"},{"id":14,"rule_type":"product_type","rule_value":"TRAPO HEX","commission_percentage":"10.00","status":"active","created_at":"2024-12-26 00:31:55","updated_at":"2024-12-26 00:31:55"},{"id":15,"rule_type":"product_type","rule_value":"TRAPO HEX ULTIMATE","commission_percentage":"10.00","status":"active","created_at":"2024-12-26 00:32:04","updated_at":"2024-12-26 00:32:04"},{"id":16,"rule_type":"product_type","rule_value":"TRAPO ACCESSORIES","commission_percentage":"15.00","status":"active","created_at":"2024-12-26 11:59:18","updated_at":"2024-12-26 11:59:18"},{"id":17,"rule_type":"product_type","rule_value":"TRAPO DASHCAM","commission_percentage":"5.00","status":"active","created_at":"2025-01-05 16:57:42","updated_at":"2025-01-05 16:57:42"}]
[2025-01-05 13:45:16] Line items decoded Context: {"count":4}
[2025-01-05 13:45:17] Got product type from Shopify API Context: {"product_id":8932996448511,"type":"TRAPO HEX"}
[2025-01-05 13:45:17] Getting commission rate Context: {"product_type":"TRAPO HEX","product_tags":[]}
[2025-01-05 13:45:17] Found rule by product type Context: {"id":14,"rule_type":"product_type","rule_value":"TRAPO HEX","commission_percentage":"10.00","status":"active","created_at":"2024-12-26 00:31:55","updated_at":"2024-12-26 00:31:55"}
[2025-01-05 13:45:17] Got product type from Shopify API Context: {"product_id":8882078875903,"type":"TRAPO CLASSIC"}
[2025-01-05 13:45:17] Getting commission rate Context: {"product_type":"TRAPO CLASSIC","product_tags":[]}
[2025-01-05 13:45:17] Found rule by product type Context: {"id":13,"rule_type":"product_type","rule_value":"TRAPO CLASSIC","commission_percentage":"10.00","status":"active","created_at":"2024-12-26 00:31:46","updated_at":"2024-12-26 00:31:46"}
[2025-01-05 13:45:18] Got product type from Shopify API Context: {"product_id":8882074845439,"type":"TRAPO CLASSIC"}
[2025-01-05 13:45:18] Getting commission rate Context: {"product_type":"TRAPO CLASSIC","product_tags":[]}
[2025-01-05 13:45:18] Found rule by product type Context: {"id":13,"rule_type":"product_type","rule_value":"TRAPO CLASSIC","commission_percentage":"10.00","status":"active","created_at":"2024-12-26 00:31:46","updated_at":"2024-12-26 00:31:46"}
[2025-01-05 13:45:19] Got product type from Shopify API Context: {"product_id":8932996415743,"type":"TRAPO ECO"}
[2025-01-05 13:45:19] Getting commission rate Context: {"product_type":"TRAPO ECO","product_tags":[]}
[2025-01-05 13:45:19] Found rule by product type Context: {"id":12,"rule_type":"product_type","rule_value":"TRAPO ECO","commission_percentage":"35.00","status":"active","created_at":"2024-12-24 11:31:05","updated_at":"2024-12-26 00:31:26"}
[2025-01-05 13:56:07] Starting commission details retrieval for ID: 616
[2025-01-05 13:56:07] Retrieved commission data Context: {"commission_id":616,"agent_name":"MTSB BYD Bandar Utama","agent_email":"bydbu.mtsb@gmail.com"}
[2025-01-05 13:56:07] Commission Rules from DB Context: [{"id":6,"rule_type":"product_type","rule_value":"OFFLINE SERVICE","commission_percentage":"10.00","status":"active","created_at":"2024-12-11 20:45:45","updated_at":"2024-12-11 20:45:45"},{"id":12,"rule_type":"product_type","rule_value":"TRAPO ECO","commission_percentage":"35.00","status":"active","created_at":"2024-12-24 11:31:05","updated_at":"2024-12-26 00:31:26"},{"id":13,"rule_type":"product_type","rule_value":"TRAPO CLASSIC","commission_percentage":"10.00","status":"active","created_at":"2024-12-26 00:31:46","updated_at":"2024-12-26 00:31:46"},{"id":14,"rule_type":"product_type","rule_value":"TRAPO HEX","commission_percentage":"10.00","status":"active","created_at":"2024-12-26 00:31:55","updated_at":"2024-12-26 00:31:55"},{"id":15,"rule_type":"product_type","rule_value":"TRAPO HEX ULTIMATE","commission_percentage":"10.00","status":"active","created_at":"2024-12-26 00:32:04","updated_at":"2024-12-26 00:32:04"},{"id":16,"rule_type":"product_type","rule_value":"TRAPO ACCESSORIES","commission_percentage":"15.00","status":"active","created_at":"2024-12-26 11:59:18","updated_at":"2024-12-26 11:59:18"},{"id":17,"rule_type":"product_type","rule_value":"TRAPO DASHCAM","commission_percentage":"5.00","status":"active","created_at":"2025-01-05 16:57:42","updated_at":"2025-01-05 16:57:42"}]
[2025-01-05 13:56:07] Line items decoded Context: {"count":2}
[2025-01-05 13:56:08] Got product type from Shopify API Context: {"product_id":8907879842047,"type":"TRAPO ECO"}
[2025-01-05 13:56:08] Getting commission rate Context: {"product_type":"TRAPO ECO","product_tags":[]}
[2025-01-05 13:56:08] Found rule by product type Context: {"id":12,"rule_type":"product_type","rule_value":"TRAPO ECO","commission_percentage":"35.00","status":"active","created_at":"2024-12-24 11:31:05","updated_at":"2024-12-26 00:31:26"}
[2025-01-05 13:56:08] Got product type from Shopify API Context: {"product_id":8881926963455,"type":"TRAPO ECO"}
[2025-01-05 13:56:08] Getting commission rate Context: {"product_type":"TRAPO ECO","product_tags":[]}
[2025-01-05 13:56:08] Found rule by product type Context: {"id":12,"rule_type":"product_type","rule_value":"TRAPO ECO","commission_percentage":"35.00","status":"active","created_at":"2024-12-24 11:31:05","updated_at":"2024-12-26 00:31:26"}
[2025-01-05 13:59:17] Starting commission details retrieval for ID: 616
[2025-01-05 13:59:17] Retrieved commission data Context: {"commission_id":616,"agent_name":"MTSB BYD Bandar Utama","agent_email":"bydbu.mtsb@gmail.com"}
[2025-01-05 13:59:17] Commission Rules from DB Context: [{"id":6,"rule_type":"product_type","rule_value":"OFFLINE SERVICE","commission_percentage":"10.00","status":"active","created_at":"2024-12-11 20:45:45","updated_at":"2024-12-11 20:45:45"},{"id":12,"rule_type":"product_type","rule_value":"TRAPO ECO","commission_percentage":"35.00","status":"active","created_at":"2024-12-24 11:31:05","updated_at":"2024-12-26 00:31:26"},{"id":13,"rule_type":"product_type","rule_value":"TRAPO CLASSIC","commission_percentage":"10.00","status":"active","created_at":"2024-12-26 00:31:46","updated_at":"2024-12-26 00:31:46"},{"id":14,"rule_type":"product_type","rule_value":"TRAPO HEX","commission_percentage":"10.00","status":"active","created_at":"2024-12-26 00:31:55","updated_at":"2024-12-26 00:31:55"},{"id":15,"rule_type":"product_type","rule_value":"TRAPO HEX ULTIMATE","commission_percentage":"10.00","status":"active","created_at":"2024-12-26 00:32:04","updated_at":"2024-12-26 00:32:04"},{"id":16,"rule_type":"product_type","rule_value":"TRAPO ACCESSORIES","commission_percentage":"15.00","status":"active","created_at":"2024-12-26 11:59:18","updated_at":"2024-12-26 11:59:18"},{"id":17,"rule_type":"product_type","rule_value":"TRAPO DASHCAM","commission_percentage":"5.00","status":"active","created_at":"2025-01-05 16:57:42","updated_at":"2025-01-05 16:57:42"}]
[2025-01-05 13:59:17] Line items decoded Context: {"count":2}
[2025-01-05 13:59:18] Got product type from Shopify API Context: {"product_id":8907879842047,"type":"TRAPO ECO"}
[2025-01-05 13:59:18] Getting commission rate Context: {"product_type":"TRAPO ECO","product_tags":[]}
[2025-01-05 13:59:18] Found rule by product type Context: {"id":12,"rule_type":"product_type","rule_value":"TRAPO ECO","commission_percentage":"35.00","status":"active","created_at":"2024-12-24 11:31:05","updated_at":"2024-12-26 00:31:26"}
[2025-01-05 13:59:18] Got product type from Shopify API Context: {"product_id":8881926963455,"type":"TRAPO ECO"}
[2025-01-05 13:59:18] Getting commission rate Context: {"product_type":"TRAPO ECO","product_tags":[]}
[2025-01-05 13:59:18] Found rule by product type Context: {"id":12,"rule_type":"product_type","rule_value":"TRAPO ECO","commission_percentage":"35.00","status":"active","created_at":"2024-12-24 11:31:05","updated_at":"2024-12-26 00:31:26"}
[2025-01-05 14:01:01] Starting commission details retrieval for ID: 616
[2025-01-05 14:01:01] Retrieved commission data Context: {"commission_id":616,"agent_name":"MTSB BYD Bandar Utama","agent_email":"bydbu.mtsb@gmail.com"}
[2025-01-05 14:01:01] Commission Rules from DB Context: [{"id":6,"rule_type":"product_type","rule_value":"OFFLINE SERVICE","commission_percentage":"10.00","status":"active","created_at":"2024-12-11 20:45:45","updated_at":"2024-12-11 20:45:45"},{"id":12,"rule_type":"product_type","rule_value":"TRAPO ECO","commission_percentage":"35.00","status":"active","created_at":"2024-12-24 11:31:05","updated_at":"2024-12-26 00:31:26"},{"id":13,"rule_type":"product_type","rule_value":"TRAPO CLASSIC","commission_percentage":"10.00","status":"active","created_at":"2024-12-26 00:31:46","updated_at":"2024-12-26 00:31:46"},{"id":14,"rule_type":"product_type","rule_value":"TRAPO HEX","commission_percentage":"10.00","status":"active","created_at":"2024-12-26 00:31:55","updated_at":"2024-12-26 00:31:55"},{"id":15,"rule_type":"product_type","rule_value":"TRAPO HEX ULTIMATE","commission_percentage":"10.00","status":"active","created_at":"2024-12-26 00:32:04","updated_at":"2024-12-26 00:32:04"},{"id":16,"rule_type":"product_type","rule_value":"TRAPO ACCESSORIES","commission_percentage":"15.00","status":"active","created_at":"2024-12-26 11:59:18","updated_at":"2024-12-26 11:59:18"},{"id":17,"rule_type":"product_type","rule_value":"TRAPO DASHCAM","commission_percentage":"5.00","status":"active","created_at":"2025-01-05 16:57:42","updated_at":"2025-01-05 16:57:42"}]
[2025-01-05 14:01:01] Line items decoded Context: {"count":2}
[2025-01-05 14:01:01] Got product type from Shopify API Context: {"product_id":8907879842047,"type":"TRAPO ECO"}
[2025-01-05 14:01:01] Getting commission rate Context: {"product_type":"TRAPO ECO","product_tags":[]}
[2025-01-05 14:01:01] Found rule by product type Context: {"id":12,"rule_type":"product_type","rule_value":"TRAPO ECO","commission_percentage":"35.00","status":"active","created_at":"2024-12-24 11:31:05","updated_at":"2024-12-26 00:31:26"}
[2025-01-05 14:01:02] Got product type from Shopify API Context: {"product_id":8881926963455,"type":"TRAPO ECO"}
[2025-01-05 14:01:02] Getting commission rate Context: {"product_type":"TRAPO ECO","product_tags":[]}
[2025-01-05 14:01:02] Found rule by product type Context: {"id":12,"rule_type":"product_type","rule_value":"TRAPO ECO","commission_percentage":"35.00","status":"active","created_at":"2024-12-24 11:31:05","updated_at":"2024-12-26 00:31:26"}
[2025-01-05 14:02:04] Starting commission details retrieval for ID: 616
[2025-01-05 14:02:04] Retrieved commission data Context: {"commission_id":616,"agent_name":"MTSB BYD Bandar Utama","agent_email":"bydbu.mtsb@gmail.com"}
[2025-01-05 14:02:04] Commission Rules from DB Context: [{"id":6,"rule_type":"product_type","rule_value":"OFFLINE SERVICE","commission_percentage":"10.00","status":"active","created_at":"2024-12-11 20:45:45","updated_at":"2024-12-11 20:45:45"},{"id":12,"rule_type":"product_type","rule_value":"TRAPO ECO","commission_percentage":"35.00","status":"active","created_at":"2024-12-24 11:31:05","updated_at":"2024-12-26 00:31:26"},{"id":13,"rule_type":"product_type","rule_value":"TRAPO CLASSIC","commission_percentage":"10.00","status":"active","created_at":"2024-12-26 00:31:46","updated_at":"2024-12-26 00:31:46"},{"id":14,"rule_type":"product_type","rule_value":"TRAPO HEX","commission_percentage":"10.00","status":"active","created_at":"2024-12-26 00:31:55","updated_at":"2024-12-26 00:31:55"},{"id":15,"rule_type":"product_type","rule_value":"TRAPO HEX ULTIMATE","commission_percentage":"10.00","status":"active","created_at":"2024-12-26 00:32:04","updated_at":"2024-12-26 00:32:04"},{"id":16,"rule_type":"product_type","rule_value":"TRAPO ACCESSORIES","commission_percentage":"15.00","status":"active","created_at":"2024-12-26 11:59:18","updated_at":"2024-12-26 11:59:18"},{"id":17,"rule_type":"product_type","rule_value":"TRAPO DASHCAM","commission_percentage":"5.00","status":"active","created_at":"2025-01-05 16:57:42","updated_at":"2025-01-05 16:57:42"}]
[2025-01-05 14:02:04] Line items decoded Context: {"count":2}
[2025-01-05 14:02:05] Got product type from Shopify API Context: {"product_id":8907879842047,"type":"TRAPO ECO"}
[2025-01-05 14:02:05] Getting commission rate Context: {"product_type":"TRAPO ECO","product_tags":[]}
[2025-01-05 14:02:05] Found rule by product type Context: {"id":12,"rule_type":"product_type","rule_value":"TRAPO ECO","commission_percentage":"35.00","status":"active","created_at":"2024-12-24 11:31:05","updated_at":"2024-12-26 00:31:26"}
[2025-01-05 14:02:05] Got product type from Shopify API Context: {"product_id":8881926963455,"type":"TRAPO ECO"}
[2025-01-05 14:02:05] Getting commission rate Context: {"product_type":"TRAPO ECO","product_tags":[]}
[2025-01-05 14:02:05] Found rule by product type Context: {"id":12,"rule_type":"product_type","rule_value":"TRAPO ECO","commission_percentage":"35.00","status":"active","created_at":"2024-12-24 11:31:05","updated_at":"2024-12-26 00:31:26"}
[2025-01-05 14:03:07] Starting commission details retrieval for ID: 616
[2025-01-05 14:03:07] Retrieved commission data Context: {"commission_id":616,"agent_name":"MTSB BYD Bandar Utama","agent_email":"bydbu.mtsb@gmail.com"}
[2025-01-05 14:03:07] Commission Rules from DB Context: [{"id":6,"rule_type":"product_type","rule_value":"OFFLINE SERVICE","commission_percentage":"10.00","status":"active","created_at":"2024-12-11 20:45:45","updated_at":"2024-12-11 20:45:45"},{"id":12,"rule_type":"product_type","rule_value":"TRAPO ECO","commission_percentage":"35.00","status":"active","created_at":"2024-12-24 11:31:05","updated_at":"2024-12-26 00:31:26"},{"id":13,"rule_type":"product_type","rule_value":"TRAPO CLASSIC","commission_percentage":"10.00","status":"active","created_at":"2024-12-26 00:31:46","updated_at":"2024-12-26 00:31:46"},{"id":14,"rule_type":"product_type","rule_value":"TRAPO HEX","commission_percentage":"10.00","status":"active","created_at":"2024-12-26 00:31:55","updated_at":"2024-12-26 00:31:55"},{"id":15,"rule_type":"product_type","rule_value":"TRAPO HEX ULTIMATE","commission_percentage":"10.00","status":"active","created_at":"2024-12-26 00:32:04","updated_at":"2024-12-26 00:32:04"},{"id":16,"rule_type":"product_type","rule_value":"TRAPO ACCESSORIES","commission_percentage":"15.00","status":"active","created_at":"2024-12-26 11:59:18","updated_at":"2024-12-26 11:59:18"},{"id":17,"rule_type":"product_type","rule_value":"TRAPO DASHCAM","commission_percentage":"5.00","status":"active","created_at":"2025-01-05 16:57:42","updated_at":"2025-01-05 16:57:42"}]
[2025-01-05 14:03:07] Line items decoded Context: {"count":2}
[2025-01-05 14:03:07] Got product type from Shopify API Context: {"product_id":8907879842047,"type":"TRAPO ECO"}
[2025-01-05 14:03:07] Getting commission rate Context: {"product_type":"TRAPO ECO","product_tags":[]}
[2025-01-05 14:03:07] Found rule by product type Context: {"id":12,"rule_type":"product_type","rule_value":"TRAPO ECO","commission_percentage":"35.00","status":"active","created_at":"2024-12-24 11:31:05","updated_at":"2024-12-26 00:31:26"}
[2025-01-05 14:03:08] Got product type from Shopify API Context: {"product_id":8881926963455,"type":"TRAPO ECO"}
[2025-01-05 14:03:08] Getting commission rate Context: {"product_type":"TRAPO ECO","product_tags":[]}
[2025-01-05 14:03:08] Found rule by product type Context: {"id":12,"rule_type":"product_type","rule_value":"TRAPO ECO","commission_percentage":"35.00","status":"active","created_at":"2024-12-24 11:31:05","updated_at":"2024-12-26 00:31:26"}
[2025-01-05 14:05:35] Starting commission details retrieval for ID: 616
[2025-01-05 14:05:35] Retrieved commission data Context: {"commission_id":616,"agent_name":"MTSB BYD Bandar Utama","agent_email":"bydbu.mtsb@gmail.com"}
[2025-01-05 14:05:35] Commission Rules from DB Context: [{"id":6,"rule_type":"product_type","rule_value":"OFFLINE SERVICE","commission_percentage":"10.00","status":"active","created_at":"2024-12-11 20:45:45","updated_at":"2024-12-11 20:45:45"},{"id":12,"rule_type":"product_type","rule_value":"TRAPO ECO","commission_percentage":"35.00","status":"active","created_at":"2024-12-24 11:31:05","updated_at":"2024-12-26 00:31:26"},{"id":13,"rule_type":"product_type","rule_value":"TRAPO CLASSIC","commission_percentage":"10.00","status":"active","created_at":"2024-12-26 00:31:46","updated_at":"2024-12-26 00:31:46"},{"id":14,"rule_type":"product_type","rule_value":"TRAPO HEX","commission_percentage":"10.00","status":"active","created_at":"2024-12-26 00:31:55","updated_at":"2024-12-26 00:31:55"},{"id":15,"rule_type":"product_type","rule_value":"TRAPO HEX ULTIMATE","commission_percentage":"10.00","status":"active","created_at":"2024-12-26 00:32:04","updated_at":"2024-12-26 00:32:04"},{"id":16,"rule_type":"product_type","rule_value":"TRAPO ACCESSORIES","commission_percentage":"15.00","status":"active","created_at":"2024-12-26 11:59:18","updated_at":"2024-12-26 11:59:18"},{"id":17,"rule_type":"product_type","rule_value":"TRAPO DASHCAM","commission_percentage":"5.00","status":"active","created_at":"2025-01-05 16:57:42","updated_at":"2025-01-05 16:57:42"}]
[2025-01-05 14:05:35] Line items decoded Context: {"count":2}
[2025-01-05 14:05:36] Got product type from Shopify API Context: {"product_id":8907879842047,"type":"TRAPO ECO"}
[2025-01-05 14:05:36] Getting commission rate Context: {"product_type":"TRAPO ECO","product_tags":[]}
[2025-01-05 14:05:36] Found rule by product type Context: {"id":12,"rule_type":"product_type","rule_value":"TRAPO ECO","commission_percentage":"35.00","status":"active","created_at":"2024-12-24 11:31:05","updated_at":"2024-12-26 00:31:26"}
[2025-01-05 14:05:36] Got product type from Shopify API Context: {"product_id":8881926963455,"type":"TRAPO ECO"}
[2025-01-05 14:05:36] Getting commission rate Context: {"product_type":"TRAPO ECO","product_tags":[]}
[2025-01-05 14:05:36] Found rule by product type Context: {"id":12,"rule_type":"product_type","rule_value":"TRAPO ECO","commission_percentage":"35.00","status":"active","created_at":"2024-12-24 11:31:05","updated_at":"2024-12-26 00:31:26"}
[2025-01-05 14:07:04] Starting commission details retrieval for ID: 616
[2025-01-05 14:07:04] Retrieved commission data Context: {"commission_id":616,"agent_name":"MTSB BYD Bandar Utama","agent_email":"bydbu.mtsb@gmail.com"}
[2025-01-05 14:07:04] Commission Rules from DB Context: [{"id":6,"rule_type":"product_type","rule_value":"OFFLINE SERVICE","commission_percentage":"10.00","status":"active","created_at":"2024-12-11 20:45:45","updated_at":"2024-12-11 20:45:45"},{"id":12,"rule_type":"product_type","rule_value":"TRAPO ECO","commission_percentage":"35.00","status":"active","created_at":"2024-12-24 11:31:05","updated_at":"2024-12-26 00:31:26"},{"id":13,"rule_type":"product_type","rule_value":"TRAPO CLASSIC","commission_percentage":"10.00","status":"active","created_at":"2024-12-26 00:31:46","updated_at":"2024-12-26 00:31:46"},{"id":14,"rule_type":"product_type","rule_value":"TRAPO HEX","commission_percentage":"10.00","status":"active","created_at":"2024-12-26 00:31:55","updated_at":"2024-12-26 00:31:55"},{"id":15,"rule_type":"product_type","rule_value":"TRAPO HEX ULTIMATE","commission_percentage":"10.00","status":"active","created_at":"2024-12-26 00:32:04","updated_at":"2024-12-26 00:32:04"},{"id":16,"rule_type":"product_type","rule_value":"TRAPO ACCESSORIES","commission_percentage":"15.00","status":"active","created_at":"2024-12-26 11:59:18","updated_at":"2024-12-26 11:59:18"},{"id":17,"rule_type":"product_type","rule_value":"TRAPO DASHCAM","commission_percentage":"5.00","status":"active","created_at":"2025-01-05 16:57:42","updated_at":"2025-01-05 16:57:42"}]
[2025-01-05 14:07:04] Line items decoded Context: {"count":2}
[2025-01-05 14:07:04] Got product type from Shopify API Context: {"product_id":8907879842047,"type":"TRAPO ECO"}
[2025-01-05 14:07:04] Getting commission rate Context: {"product_type":"TRAPO ECO","product_tags":[]}
[2025-01-05 14:07:04] Found rule by product type Context: {"id":12,"rule_type":"product_type","rule_value":"TRAPO ECO","commission_percentage":"35.00","status":"active","created_at":"2024-12-24 11:31:05","updated_at":"2024-12-26 00:31:26"}
[2025-01-05 14:07:05] Got product type from Shopify API Context: {"product_id":8881926963455,"type":"TRAPO ECO"}
[2025-01-05 14:07:05] Getting commission rate Context: {"product_type":"TRAPO ECO","product_tags":[]}
[2025-01-05 14:07:05] Found rule by product type Context: {"id":12,"rule_type":"product_type","rule_value":"TRAPO ECO","commission_percentage":"35.00","status":"active","created_at":"2024-12-24 11:31:05","updated_at":"2024-12-26 00:31:26"}
[2025-01-05 14:08:06] Starting commission details retrieval for ID: 616
[2025-01-05 14:08:06] Retrieved commission data Context: {"commission_id":616,"agent_name":"MTSB BYD Bandar Utama","agent_email":"bydbu.mtsb@gmail.com"}
[2025-01-05 14:08:06] Commission Rules from DB Context: [{"id":6,"rule_type":"product_type","rule_value":"OFFLINE SERVICE","commission_percentage":"10.00","status":"active","created_at":"2024-12-11 20:45:45","updated_at":"2024-12-11 20:45:45"},{"id":12,"rule_type":"product_type","rule_value":"TRAPO ECO","commission_percentage":"35.00","status":"active","created_at":"2024-12-24 11:31:05","updated_at":"2024-12-26 00:31:26"},{"id":13,"rule_type":"product_type","rule_value":"TRAPO CLASSIC","commission_percentage":"10.00","status":"active","created_at":"2024-12-26 00:31:46","updated_at":"2024-12-26 00:31:46"},{"id":14,"rule_type":"product_type","rule_value":"TRAPO HEX","commission_percentage":"10.00","status":"active","created_at":"2024-12-26 00:31:55","updated_at":"2024-12-26 00:31:55"},{"id":15,"rule_type":"product_type","rule_value":"TRAPO HEX ULTIMATE","commission_percentage":"10.00","status":"active","created_at":"2024-12-26 00:32:04","updated_at":"2024-12-26 00:32:04"},{"id":16,"rule_type":"product_type","rule_value":"TRAPO ACCESSORIES","commission_percentage":"15.00","status":"active","created_at":"2024-12-26 11:59:18","updated_at":"2024-12-26 11:59:18"},{"id":17,"rule_type":"product_type","rule_value":"TRAPO DASHCAM","commission_percentage":"5.00","status":"active","created_at":"2025-01-05 16:57:42","updated_at":"2025-01-05 16:57:42"}]
[2025-01-05 14:08:06] Line items decoded Context: {"count":2}
[2025-01-05 14:08:06] Got product type from Shopify API Context: {"product_id":8907879842047,"type":"TRAPO ECO"}
[2025-01-05 14:08:06] Getting commission rate Context: {"product_type":"TRAPO ECO","product_tags":[]}
[2025-01-05 14:08:06] Found rule by product type Context: {"id":12,"rule_type":"product_type","rule_value":"TRAPO ECO","commission_percentage":"35.00","status":"active","created_at":"2024-12-24 11:31:05","updated_at":"2024-12-26 00:31:26"}
[2025-01-05 14:08:07] Got product type from Shopify API Context: {"product_id":8881926963455,"type":"TRAPO ECO"}
[2025-01-05 14:08:07] Getting commission rate Context: {"product_type":"TRAPO ECO","product_tags":[]}
[2025-01-05 14:08:07] Found rule by product type Context: {"id":12,"rule_type":"product_type","rule_value":"TRAPO ECO","commission_percentage":"35.00","status":"active","created_at":"2024-12-24 11:31:05","updated_at":"2024-12-26 00:31:26"}
[2025-01-05 14:08:51] Starting commission details retrieval for ID: 616
[2025-01-05 14:08:51] Retrieved commission data Context: {"commission_id":616,"agent_name":"MTSB BYD Bandar Utama","agent_email":"bydbu.mtsb@gmail.com"}
[2025-01-05 14:08:51] Commission Rules from DB Context: [{"id":6,"rule_type":"product_type","rule_value":"OFFLINE SERVICE","commission_percentage":"10.00","status":"active","created_at":"2024-12-11 20:45:45","updated_at":"2024-12-11 20:45:45"},{"id":12,"rule_type":"product_type","rule_value":"TRAPO ECO","commission_percentage":"35.00","status":"active","created_at":"2024-12-24 11:31:05","updated_at":"2024-12-26 00:31:26"},{"id":13,"rule_type":"product_type","rule_value":"TRAPO CLASSIC","commission_percentage":"10.00","status":"active","created_at":"2024-12-26 00:31:46","updated_at":"2024-12-26 00:31:46"},{"id":14,"rule_type":"product_type","rule_value":"TRAPO HEX","commission_percentage":"10.00","status":"active","created_at":"2024-12-26 00:31:55","updated_at":"2024-12-26 00:31:55"},{"id":15,"rule_type":"product_type","rule_value":"TRAPO HEX ULTIMATE","commission_percentage":"10.00","status":"active","created_at":"2024-12-26 00:32:04","updated_at":"2024-12-26 00:32:04"},{"id":16,"rule_type":"product_type","rule_value":"TRAPO ACCESSORIES","commission_percentage":"15.00","status":"active","created_at":"2024-12-26 11:59:18","updated_at":"2024-12-26 11:59:18"},{"id":17,"rule_type":"product_type","rule_value":"TRAPO DASHCAM","commission_percentage":"5.00","status":"active","created_at":"2025-01-05 16:57:42","updated_at":"2025-01-05 16:57:42"}]
[2025-01-05 14:08:51] Line items decoded Context: {"count":2}
[2025-01-05 14:08:52] Got product type from Shopify API Context: {"product_id":8907879842047,"type":"TRAPO ECO"}
[2025-01-05 14:08:52] Getting commission rate Context: {"product_type":"TRAPO ECO","product_tags":[]}
[2025-01-05 14:08:52] Found rule by product type Context: {"id":12,"rule_type":"product_type","rule_value":"TRAPO ECO","commission_percentage":"35.00","status":"active","created_at":"2024-12-24 11:31:05","updated_at":"2024-12-26 00:31:26"}
[2025-01-05 14:08:52] Got product type from Shopify API Context: {"product_id":8881926963455,"type":"TRAPO ECO"}
[2025-01-05 14:08:52] Getting commission rate Context: {"product_type":"TRAPO ECO","product_tags":[]}
[2025-01-05 14:08:52] Found rule by product type Context: {"id":12,"rule_type":"product_type","rule_value":"TRAPO ECO","commission_percentage":"35.00","status":"active","created_at":"2024-12-24 11:31:05","updated_at":"2024-12-26 00:31:26"}
[2025-01-05 14:09:25] Starting commission details retrieval for ID: 616
[2025-01-05 14:09:25] Retrieved commission data Context: {"commission_id":616,"agent_name":"MTSB BYD Bandar Utama","agent_email":"bydbu.mtsb@gmail.com"}
[2025-01-05 14:09:25] Commission Rules from DB Context: [{"id":6,"rule_type":"product_type","rule_value":"OFFLINE SERVICE","commission_percentage":"10.00","status":"active","created_at":"2024-12-11 20:45:45","updated_at":"2024-12-11 20:45:45"},{"id":12,"rule_type":"product_type","rule_value":"TRAPO ECO","commission_percentage":"35.00","status":"active","created_at":"2024-12-24 11:31:05","updated_at":"2024-12-26 00:31:26"},{"id":13,"rule_type":"product_type","rule_value":"TRAPO CLASSIC","commission_percentage":"10.00","status":"active","created_at":"2024-12-26 00:31:46","updated_at":"2024-12-26 00:31:46"},{"id":14,"rule_type":"product_type","rule_value":"TRAPO HEX","commission_percentage":"10.00","status":"active","created_at":"2024-12-26 00:31:55","updated_at":"2024-12-26 00:31:55"},{"id":15,"rule_type":"product_type","rule_value":"TRAPO HEX ULTIMATE","commission_percentage":"10.00","status":"active","created_at":"2024-12-26 00:32:04","updated_at":"2024-12-26 00:32:04"},{"id":16,"rule_type":"product_type","rule_value":"TRAPO ACCESSORIES","commission_percentage":"15.00","status":"active","created_at":"2024-12-26 11:59:18","updated_at":"2024-12-26 11:59:18"},{"id":17,"rule_type":"product_type","rule_value":"TRAPO DASHCAM","commission_percentage":"5.00","status":"active","created_at":"2025-01-05 16:57:42","updated_at":"2025-01-05 16:57:42"}]
[2025-01-05 14:09:25] Line items decoded Context: {"count":2}
[2025-01-05 14:09:26] Got product type from Shopify API Context: {"product_id":8907879842047,"type":"TRAPO ECO"}
[2025-01-05 14:09:26] Getting commission rate Context: {"product_type":"TRAPO ECO","product_tags":[]}
[2025-01-05 14:09:26] Found rule by product type Context: {"id":12,"rule_type":"product_type","rule_value":"TRAPO ECO","commission_percentage":"35.00","status":"active","created_at":"2024-12-24 11:31:05","updated_at":"2024-12-26 00:31:26"}
[2025-01-05 14:09:26] Got product type from Shopify API Context: {"product_id":8881926963455,"type":"TRAPO ECO"}
[2025-01-05 14:09:26] Getting commission rate Context: {"product_type":"TRAPO ECO","product_tags":[]}
[2025-01-05 14:09:26] Found rule by product type Context: {"id":12,"rule_type":"product_type","rule_value":"TRAPO ECO","commission_percentage":"35.00","status":"active","created_at":"2024-12-24 11:31:05","updated_at":"2024-12-26 00:31:26"}
[2025-01-05 14:09:49] Starting commission details retrieval for ID: 616
[2025-01-05 14:09:49] Retrieved commission data Context: {"commission_id":616,"agent_name":"MTSB BYD Bandar Utama","agent_email":"bydbu.mtsb@gmail.com"}
[2025-01-05 14:09:49] Commission Rules from DB Context: [{"id":6,"rule_type":"product_type","rule_value":"OFFLINE SERVICE","commission_percentage":"10.00","status":"active","created_at":"2024-12-11 20:45:45","updated_at":"2024-12-11 20:45:45"},{"id":12,"rule_type":"product_type","rule_value":"TRAPO ECO","commission_percentage":"35.00","status":"active","created_at":"2024-12-24 11:31:05","updated_at":"2024-12-26 00:31:26"},{"id":13,"rule_type":"product_type","rule_value":"TRAPO CLASSIC","commission_percentage":"10.00","status":"active","created_at":"2024-12-26 00:31:46","updated_at":"2024-12-26 00:31:46"},{"id":14,"rule_type":"product_type","rule_value":"TRAPO HEX","commission_percentage":"10.00","status":"active","created_at":"2024-12-26 00:31:55","updated_at":"2024-12-26 00:31:55"},{"id":15,"rule_type":"product_type","rule_value":"TRAPO HEX ULTIMATE","commission_percentage":"10.00","status":"active","created_at":"2024-12-26 00:32:04","updated_at":"2024-12-26 00:32:04"},{"id":16,"rule_type":"product_type","rule_value":"TRAPO ACCESSORIES","commission_percentage":"15.00","status":"active","created_at":"2024-12-26 11:59:18","updated_at":"2024-12-26 11:59:18"},{"id":17,"rule_type":"product_type","rule_value":"TRAPO DASHCAM","commission_percentage":"5.00","status":"active","created_at":"2025-01-05 16:57:42","updated_at":"2025-01-05 16:57:42"}]
[2025-01-05 14:09:49] Line items decoded Context: {"count":2}
[2025-01-05 14:09:49] Got product type from Shopify API Context: {"product_id":8907879842047,"type":"TRAPO ECO"}
[2025-01-05 14:09:49] Getting commission rate Context: {"product_type":"TRAPO ECO","product_tags":[]}
[2025-01-05 14:09:49] Found rule by product type Context: {"id":12,"rule_type":"product_type","rule_value":"TRAPO ECO","commission_percentage":"35.00","status":"active","created_at":"2024-12-24 11:31:05","updated_at":"2024-12-26 00:31:26"}
[2025-01-05 14:09:50] Got product type from Shopify API Context: {"product_id":8881926963455,"type":"TRAPO ECO"}
[2025-01-05 14:09:50] Getting commission rate Context: {"product_type":"TRAPO ECO","product_tags":[]}
[2025-01-05 14:09:50] Found rule by product type Context: {"id":12,"rule_type":"product_type","rule_value":"TRAPO ECO","commission_percentage":"35.00","status":"active","created_at":"2024-12-24 11:31:05","updated_at":"2024-12-26 00:31:26"}
[2025-01-05 14:10:16] Starting commission details retrieval for ID: 616
[2025-01-05 14:10:16] Retrieved commission data Context: {"commission_id":616,"agent_name":"MTSB BYD Bandar Utama","agent_email":"bydbu.mtsb@gmail.com"}
[2025-01-05 14:10:16] Commission Rules from DB Context: [{"id":6,"rule_type":"product_type","rule_value":"OFFLINE SERVICE","commission_percentage":"10.00","status":"active","created_at":"2024-12-11 20:45:45","updated_at":"2024-12-11 20:45:45"},{"id":12,"rule_type":"product_type","rule_value":"TRAPO ECO","commission_percentage":"35.00","status":"active","created_at":"2024-12-24 11:31:05","updated_at":"2024-12-26 00:31:26"},{"id":13,"rule_type":"product_type","rule_value":"TRAPO CLASSIC","commission_percentage":"10.00","status":"active","created_at":"2024-12-26 00:31:46","updated_at":"2024-12-26 00:31:46"},{"id":14,"rule_type":"product_type","rule_value":"TRAPO HEX","commission_percentage":"10.00","status":"active","created_at":"2024-12-26 00:31:55","updated_at":"2024-12-26 00:31:55"},{"id":15,"rule_type":"product_type","rule_value":"TRAPO HEX ULTIMATE","commission_percentage":"10.00","status":"active","created_at":"2024-12-26 00:32:04","updated_at":"2024-12-26 00:32:04"},{"id":16,"rule_type":"product_type","rule_value":"TRAPO ACCESSORIES","commission_percentage":"15.00","status":"active","created_at":"2024-12-26 11:59:18","updated_at":"2024-12-26 11:59:18"},{"id":17,"rule_type":"product_type","rule_value":"TRAPO DASHCAM","commission_percentage":"5.00","status":"active","created_at":"2025-01-05 16:57:42","updated_at":"2025-01-05 16:57:42"}]
[2025-01-05 14:10:16] Line items decoded Context: {"count":2}
[2025-01-05 14:10:17] Got product type from Shopify API Context: {"product_id":8907879842047,"type":"TRAPO ECO"}
[2025-01-05 14:10:17] Getting commission rate Context: {"product_type":"TRAPO ECO","product_tags":[]}
[2025-01-05 14:10:17] Found rule by product type Context: {"id":12,"rule_type":"product_type","rule_value":"TRAPO ECO","commission_percentage":"35.00","status":"active","created_at":"2024-12-24 11:31:05","updated_at":"2024-12-26 00:31:26"}
[2025-01-05 14:10:17] Got product type from Shopify API Context: {"product_id":8881926963455,"type":"TRAPO ECO"}
[2025-01-05 14:10:17] Getting commission rate Context: {"product_type":"TRAPO ECO","product_tags":[]}
[2025-01-05 14:10:17] Found rule by product type Context: {"id":12,"rule_type":"product_type","rule_value":"TRAPO ECO","commission_percentage":"35.00","status":"active","created_at":"2024-12-24 11:31:05","updated_at":"2024-12-26 00:31:26"}
[2025-01-05 14:11:01] Starting commission details retrieval for ID: 616
[2025-01-05 14:11:01] Retrieved commission data Context: {"commission_id":616,"agent_name":"MTSB BYD Bandar Utama","agent_email":"bydbu.mtsb@gmail.com"}
[2025-01-05 14:11:01] Commission Rules from DB Context: [{"id":6,"rule_type":"product_type","rule_value":"OFFLINE SERVICE","commission_percentage":"10.00","status":"active","created_at":"2024-12-11 20:45:45","updated_at":"2024-12-11 20:45:45"},{"id":12,"rule_type":"product_type","rule_value":"TRAPO ECO","commission_percentage":"35.00","status":"active","created_at":"2024-12-24 11:31:05","updated_at":"2024-12-26 00:31:26"},{"id":13,"rule_type":"product_type","rule_value":"TRAPO CLASSIC","commission_percentage":"10.00","status":"active","created_at":"2024-12-26 00:31:46","updated_at":"2024-12-26 00:31:46"},{"id":14,"rule_type":"product_type","rule_value":"TRAPO HEX","commission_percentage":"10.00","status":"active","created_at":"2024-12-26 00:31:55","updated_at":"2024-12-26 00:31:55"},{"id":15,"rule_type":"product_type","rule_value":"TRAPO HEX ULTIMATE","commission_percentage":"10.00","status":"active","created_at":"2024-12-26 00:32:04","updated_at":"2024-12-26 00:32:04"},{"id":16,"rule_type":"product_type","rule_value":"TRAPO ACCESSORIES","commission_percentage":"15.00","status":"active","created_at":"2024-12-26 11:59:18","updated_at":"2024-12-26 11:59:18"},{"id":17,"rule_type":"product_type","rule_value":"TRAPO DASHCAM","commission_percentage":"5.00","status":"active","created_at":"2025-01-05 16:57:42","updated_at":"2025-01-05 16:57:42"}]
[2025-01-05 14:11:01] Line items decoded Context: {"count":2}
[2025-01-05 14:11:01] Got product type from Shopify API Context: {"product_id":8907879842047,"type":"TRAPO ECO"}
[2025-01-05 14:11:01] Getting commission rate Context: {"product_type":"TRAPO ECO","product_tags":[]}
[2025-01-05 14:11:01] Found rule by product type Context: {"id":12,"rule_type":"product_type","rule_value":"TRAPO ECO","commission_percentage":"35.00","status":"active","created_at":"2024-12-24 11:31:05","updated_at":"2024-12-26 00:31:26"}
[2025-01-05 14:11:02] Got product type from Shopify API Context: {"product_id":8881926963455,"type":"TRAPO ECO"}
[2025-01-05 14:11:02] Getting commission rate Context: {"product_type":"TRAPO ECO","product_tags":[]}
[2025-01-05 14:11:02] Found rule by product type Context: {"id":12,"rule_type":"product_type","rule_value":"TRAPO ECO","commission_percentage":"35.00","status":"active","created_at":"2024-12-24 11:31:05","updated_at":"2024-12-26 00:31:26"}
[2025-01-05 14:11:33] Starting commission details retrieval for ID: 616
[2025-01-05 14:11:33] Retrieved commission data Context: {"commission_id":616,"agent_name":"MTSB BYD Bandar Utama","agent_email":"bydbu.mtsb@gmail.com"}
[2025-01-05 14:11:33] Commission Rules from DB Context: [{"id":6,"rule_type":"product_type","rule_value":"OFFLINE SERVICE","commission_percentage":"10.00","status":"active","created_at":"2024-12-11 20:45:45","updated_at":"2024-12-11 20:45:45"},{"id":12,"rule_type":"product_type","rule_value":"TRAPO ECO","commission_percentage":"35.00","status":"active","created_at":"2024-12-24 11:31:05","updated_at":"2024-12-26 00:31:26"},{"id":13,"rule_type":"product_type","rule_value":"TRAPO CLASSIC","commission_percentage":"10.00","status":"active","created_at":"2024-12-26 00:31:46","updated_at":"2024-12-26 00:31:46"},{"id":14,"rule_type":"product_type","rule_value":"TRAPO HEX","commission_percentage":"10.00","status":"active","created_at":"2024-12-26 00:31:55","updated_at":"2024-12-26 00:31:55"},{"id":15,"rule_type":"product_type","rule_value":"TRAPO HEX ULTIMATE","commission_percentage":"10.00","status":"active","created_at":"2024-12-26 00:32:04","updated_at":"2024-12-26 00:32:04"},{"id":16,"rule_type":"product_type","rule_value":"TRAPO ACCESSORIES","commission_percentage":"15.00","status":"active","created_at":"2024-12-26 11:59:18","updated_at":"2024-12-26 11:59:18"},{"id":17,"rule_type":"product_type","rule_value":"TRAPO DASHCAM","commission_percentage":"5.00","status":"active","created_at":"2025-01-05 16:57:42","updated_at":"2025-01-05 16:57:42"}]
[2025-01-05 14:11:33] Line items decoded Context: {"count":2}
[2025-01-05 14:11:33] Got product type from Shopify API Context: {"product_id":8907879842047,"type":"TRAPO ECO"}
[2025-01-05 14:11:33] Getting commission rate Context: {"product_type":"TRAPO ECO","product_tags":[]}
[2025-01-05 14:11:33] Found rule by product type Context: {"id":12,"rule_type":"product_type","rule_value":"TRAPO ECO","commission_percentage":"35.00","status":"active","created_at":"2024-12-24 11:31:05","updated_at":"2024-12-26 00:31:26"}
[2025-01-05 14:11:34] Got product type from Shopify API Context: {"product_id":8881926963455,"type":"TRAPO ECO"}
[2025-01-05 14:11:34] Getting commission rate Context: {"product_type":"TRAPO ECO","product_tags":[]}
[2025-01-05 14:11:34] Found rule by product type Context: {"id":12,"rule_type":"product_type","rule_value":"TRAPO ECO","commission_percentage":"35.00","status":"active","created_at":"2024-12-24 11:31:05","updated_at":"2024-12-26 00:31:26"}
[2025-01-05 14:12:40] Starting commission details retrieval for ID: 616
[2025-01-05 14:12:40] Retrieved commission data Context: {"commission_id":616,"agent_name":"MTSB BYD Bandar Utama","agent_email":"bydbu.mtsb@gmail.com"}
[2025-01-05 14:12:40] Commission Rules from DB Context: [{"id":6,"rule_type":"product_type","rule_value":"OFFLINE SERVICE","commission_percentage":"10.00","status":"active","created_at":"2024-12-11 20:45:45","updated_at":"2024-12-11 20:45:45"},{"id":12,"rule_type":"product_type","rule_value":"TRAPO ECO","commission_percentage":"35.00","status":"active","created_at":"2024-12-24 11:31:05","updated_at":"2024-12-26 00:31:26"},{"id":13,"rule_type":"product_type","rule_value":"TRAPO CLASSIC","commission_percentage":"10.00","status":"active","created_at":"2024-12-26 00:31:46","updated_at":"2024-12-26 00:31:46"},{"id":14,"rule_type":"product_type","rule_value":"TRAPO HEX","commission_percentage":"10.00","status":"active","created_at":"2024-12-26 00:31:55","updated_at":"2024-12-26 00:31:55"},{"id":15,"rule_type":"product_type","rule_value":"TRAPO HEX ULTIMATE","commission_percentage":"10.00","status":"active","created_at":"2024-12-26 00:32:04","updated_at":"2024-12-26 00:32:04"},{"id":16,"rule_type":"product_type","rule_value":"TRAPO ACCESSORIES","commission_percentage":"15.00","status":"active","created_at":"2024-12-26 11:59:18","updated_at":"2024-12-26 11:59:18"},{"id":17,"rule_type":"product_type","rule_value":"TRAPO DASHCAM","commission_percentage":"5.00","status":"active","created_at":"2025-01-05 16:57:42","updated_at":"2025-01-05 16:57:42"}]
[2025-01-05 14:12:40] Line items decoded Context: {"count":2}
[2025-01-05 14:12:41] Got product type from Shopify API Context: {"product_id":8907879842047,"type":"TRAPO ECO"}
[2025-01-05 14:12:41] Getting commission rate Context: {"product_type":"TRAPO ECO","product_tags":[]}
[2025-01-05 14:12:41] Found rule by product type Context: {"id":12,"rule_type":"product_type","rule_value":"TRAPO ECO","commission_percentage":"35.00","status":"active","created_at":"2024-12-24 11:31:05","updated_at":"2024-12-26 00:31:26"}
[2025-01-05 14:12:42] Got product type from Shopify API Context: {"product_id":8881926963455,"type":"TRAPO ECO"}
[2025-01-05 14:12:42] Getting commission rate Context: {"product_type":"TRAPO ECO","product_tags":[]}
[2025-01-05 14:12:42] Found rule by product type Context: {"id":12,"rule_type":"product_type","rule_value":"TRAPO ECO","commission_percentage":"35.00","status":"active","created_at":"2024-12-24 11:31:05","updated_at":"2024-12-26 00:31:26"}
[2025-01-05 14:13:40] Starting commission details retrieval for ID: 616
[2025-01-05 14:13:40] Retrieved commission data Context: {"commission_id":616,"agent_name":"MTSB BYD Bandar Utama","agent_email":"bydbu.mtsb@gmail.com"}
[2025-01-05 14:13:40] Commission Rules from DB Context: [{"id":6,"rule_type":"product_type","rule_value":"OFFLINE SERVICE","commission_percentage":"10.00","status":"active","created_at":"2024-12-11 20:45:45","updated_at":"2024-12-11 20:45:45"},{"id":12,"rule_type":"product_type","rule_value":"TRAPO ECO","commission_percentage":"35.00","status":"active","created_at":"2024-12-24 11:31:05","updated_at":"2024-12-26 00:31:26"},{"id":13,"rule_type":"product_type","rule_value":"TRAPO CLASSIC","commission_percentage":"10.00","status":"active","created_at":"2024-12-26 00:31:46","updated_at":"2024-12-26 00:31:46"},{"id":14,"rule_type":"product_type","rule_value":"TRAPO HEX","commission_percentage":"10.00","status":"active","created_at":"2024-12-26 00:31:55","updated_at":"2024-12-26 00:31:55"},{"id":15,"rule_type":"product_type","rule_value":"TRAPO HEX ULTIMATE","commission_percentage":"10.00","status":"active","created_at":"2024-12-26 00:32:04","updated_at":"2024-12-26 00:32:04"},{"id":16,"rule_type":"product_type","rule_value":"TRAPO ACCESSORIES","commission_percentage":"15.00","status":"active","created_at":"2024-12-26 11:59:18","updated_at":"2024-12-26 11:59:18"},{"id":17,"rule_type":"product_type","rule_value":"TRAPO DASHCAM","commission_percentage":"5.00","status":"active","created_at":"2025-01-05 16:57:42","updated_at":"2025-01-05 16:57:42"}]
[2025-01-05 14:13:40] Line items decoded Context: {"count":2}
[2025-01-05 14:13:41] Got product type from Shopify API Context: {"product_id":8907879842047,"type":"TRAPO ECO"}
[2025-01-05 14:13:41] Getting commission rate Context: {"product_type":"TRAPO ECO","product_tags":[]}
[2025-01-05 14:13:41] Found rule by product type Context: {"id":12,"rule_type":"product_type","rule_value":"TRAPO ECO","commission_percentage":"35.00","status":"active","created_at":"2024-12-24 11:31:05","updated_at":"2024-12-26 00:31:26"}
[2025-01-05 14:13:41] Got product type from Shopify API Context: {"product_id":8881926963455,"type":"TRAPO ECO"}
[2025-01-05 14:13:41] Getting commission rate Context: {"product_type":"TRAPO ECO","product_tags":[]}
[2025-01-05 14:13:41] Found rule by product type Context: {"id":12,"rule_type":"product_type","rule_value":"TRAPO ECO","commission_percentage":"35.00","status":"active","created_at":"2024-12-24 11:31:05","updated_at":"2024-12-26 00:31:26"}
[2025-01-05 14:14:06] Starting commission details retrieval for ID: 616
[2025-01-05 14:14:06] Retrieved commission data Context: {"commission_id":616,"agent_name":"MTSB BYD Bandar Utama","agent_email":"bydbu.mtsb@gmail.com"}
[2025-01-05 14:14:06] Commission Rules from DB Context: [{"id":6,"rule_type":"product_type","rule_value":"OFFLINE SERVICE","commission_percentage":"10.00","status":"active","created_at":"2024-12-11 20:45:45","updated_at":"2024-12-11 20:45:45"},{"id":12,"rule_type":"product_type","rule_value":"TRAPO ECO","commission_percentage":"35.00","status":"active","created_at":"2024-12-24 11:31:05","updated_at":"2024-12-26 00:31:26"},{"id":13,"rule_type":"product_type","rule_value":"TRAPO CLASSIC","commission_percentage":"10.00","status":"active","created_at":"2024-12-26 00:31:46","updated_at":"2024-12-26 00:31:46"},{"id":14,"rule_type":"product_type","rule_value":"TRAPO HEX","commission_percentage":"10.00","status":"active","created_at":"2024-12-26 00:31:55","updated_at":"2024-12-26 00:31:55"},{"id":15,"rule_type":"product_type","rule_value":"TRAPO HEX ULTIMATE","commission_percentage":"10.00","status":"active","created_at":"2024-12-26 00:32:04","updated_at":"2024-12-26 00:32:04"},{"id":16,"rule_type":"product_type","rule_value":"TRAPO ACCESSORIES","commission_percentage":"15.00","status":"active","created_at":"2024-12-26 11:59:18","updated_at":"2024-12-26 11:59:18"},{"id":17,"rule_type":"product_type","rule_value":"TRAPO DASHCAM","commission_percentage":"5.00","status":"active","created_at":"2025-01-05 16:57:42","updated_at":"2025-01-05 16:57:42"}]
[2025-01-05 14:14:06] Line items decoded Context: {"count":2}
[2025-01-05 14:14:07] Got product type from Shopify API Context: {"product_id":8907879842047,"type":"TRAPO ECO"}
[2025-01-05 14:14:07] Getting commission rate Context: {"product_type":"TRAPO ECO","product_tags":[]}
[2025-01-05 14:14:07] Found rule by product type Context: {"id":12,"rule_type":"product_type","rule_value":"TRAPO ECO","commission_percentage":"35.00","status":"active","created_at":"2024-12-24 11:31:05","updated_at":"2024-12-26 00:31:26"}
[2025-01-05 14:14:08] Got product type from Shopify API Context: {"product_id":8881926963455,"type":"TRAPO ECO"}
[2025-01-05 14:14:08] Getting commission rate Context: {"product_type":"TRAPO ECO","product_tags":[]}
[2025-01-05 14:14:08] Found rule by product type Context: {"id":12,"rule_type":"product_type","rule_value":"TRAPO ECO","commission_percentage":"35.00","status":"active","created_at":"2024-12-24 11:31:05","updated_at":"2024-12-26 00:31:26"}
[2025-01-05 14:14:31] Starting commission details retrieval for ID: 584
[2025-01-05 14:14:31] Retrieved commission data Context: {"commission_id":584,"agent_name":"MTSB BYD Bandar Utama","agent_email":"bydbu.mtsb@gmail.com"}
[2025-01-05 14:14:31] Commission Rules from DB Context: [{"id":6,"rule_type":"product_type","rule_value":"OFFLINE SERVICE","commission_percentage":"10.00","status":"active","created_at":"2024-12-11 20:45:45","updated_at":"2024-12-11 20:45:45"},{"id":12,"rule_type":"product_type","rule_value":"TRAPO ECO","commission_percentage":"35.00","status":"active","created_at":"2024-12-24 11:31:05","updated_at":"2024-12-26 00:31:26"},{"id":13,"rule_type":"product_type","rule_value":"TRAPO CLASSIC","commission_percentage":"10.00","status":"active","created_at":"2024-12-26 00:31:46","updated_at":"2024-12-26 00:31:46"},{"id":14,"rule_type":"product_type","rule_value":"TRAPO HEX","commission_percentage":"10.00","status":"active","created_at":"2024-12-26 00:31:55","updated_at":"2024-12-26 00:31:55"},{"id":15,"rule_type":"product_type","rule_value":"TRAPO HEX ULTIMATE","commission_percentage":"10.00","status":"active","created_at":"2024-12-26 00:32:04","updated_at":"2024-12-26 00:32:04"},{"id":16,"rule_type":"product_type","rule_value":"TRAPO ACCESSORIES","commission_percentage":"15.00","status":"active","created_at":"2024-12-26 11:59:18","updated_at":"2024-12-26 11:59:18"},{"id":17,"rule_type":"product_type","rule_value":"TRAPO DASHCAM","commission_percentage":"5.00","status":"active","created_at":"2025-01-05 16:57:42","updated_at":"2025-01-05 16:57:42"}]
[2025-01-05 14:14:31] Line items decoded Context: {"count":4}
[2025-01-05 14:14:31] Got product type from Shopify API Context: {"product_id":8932996448511,"type":"TRAPO HEX"}
[2025-01-05 14:14:31] Getting commission rate Context: {"product_type":"TRAPO HEX","product_tags":[]}
[2025-01-05 14:14:31] Found rule by product type Context: {"id":14,"rule_type":"product_type","rule_value":"TRAPO HEX","commission_percentage":"10.00","status":"active","created_at":"2024-12-26 00:31:55","updated_at":"2024-12-26 00:31:55"}
[2025-01-05 14:14:32] Got product type from Shopify API Context: {"product_id":8882078875903,"type":"TRAPO CLASSIC"}
[2025-01-05 14:14:32] Getting commission rate Context: {"product_type":"TRAPO CLASSIC","product_tags":[]}
[2025-01-05 14:14:32] Found rule by product type Context: {"id":13,"rule_type":"product_type","rule_value":"TRAPO CLASSIC","commission_percentage":"10.00","status":"active","created_at":"2024-12-26 00:31:46","updated_at":"2024-12-26 00:31:46"}
[2025-01-05 14:14:32] Got product type from Shopify API Context: {"product_id":8882074845439,"type":"TRAPO CLASSIC"}
[2025-01-05 14:14:32] Getting commission rate Context: {"product_type":"TRAPO CLASSIC","product_tags":[]}
[2025-01-05 14:14:32] Found rule by product type Context: {"id":13,"rule_type":"product_type","rule_value":"TRAPO CLASSIC","commission_percentage":"10.00","status":"active","created_at":"2024-12-26 00:31:46","updated_at":"2024-12-26 00:31:46"}
[2025-01-05 14:14:33] Got product type from Shopify API Context: {"product_id":8932996415743,"type":"TRAPO ECO"}
[2025-01-05 14:14:33] Getting commission rate Context: {"product_type":"TRAPO ECO","product_tags":[]}
[2025-01-05 14:14:33] Found rule by product type Context: {"id":12,"rule_type":"product_type","rule_value":"TRAPO ECO","commission_percentage":"35.00","status":"active","created_at":"2024-12-24 11:31:05","updated_at":"2024-12-26 00:31:26"}
