[2025-01-05 12:44:26] Starting commission email process Context: {
    "commission_id": "403",
    "request": {
        "method": "POST",
        "uri": "\/shopify-agent-module\/admin\/ajax\/send_commission_email.php",
        "post_data": {
            "commission_id": "403"
        },
        "session_data": {
            "user_id": 1,
            "role": "admin",
            "name": "System Admin"
        }
    },
    "backtrace": [
        {
            "file": "C:\\xampp\\htdocs\\shopify-agent-module\\admin\\ajax\\send_commission_email.php",
            "line": 49,
            "function": "logEmailError"
        }
    ]
}
[2025-01-05 12:44:26] Attempting database connection Context: {
    "request": {
        "method": "POST",
        "uri": "\/shopify-agent-module\/admin\/ajax\/send_commission_email.php",
        "post_data": {
            "commission_id": "403"
        },
        "session_data": {
            "user_id": 1,
            "role": "admin",
            "name": "System Admin"
        }
    },
    "backtrace": [
        {
            "file": "C:\\xampp\\htdocs\\shopify-agent-module\\admin\\ajax\\send_commission_email.php",
            "line": 76,
            "function": "logEmailError"
        }
    ]
}
[2025-01-05 12:44:26] Database connection successful Context: {
    "request": {
        "method": "POST",
        "uri": "\/shopify-agent-module\/admin\/ajax\/send_commission_email.php",
        "post_data": {
            "commission_id": "403"
        },
        "session_data": {
            "user_id": 1,
            "role": "admin",
            "name": "System Admin"
        }
    },
    "backtrace": [
        {
            "file": "C:\\xampp\\htdocs\\shopify-agent-module\\admin\\ajax\\send_commission_email.php",
            "line": 87,
            "function": "logEmailError"
        }
    ]
}
[2025-01-05 12:44:26] Commission data retrieved successfully Context: {
    "commission_id": 403,
    "order_number": "MT-CP1028",
    "request": {
        "method": "POST",
        "uri": "\/shopify-agent-module\/admin\/ajax\/send_commission_email.php",
        "post_data": {
            "commission_id": "403"
        },
        "session_data": {
            "user_id": 1,
            "role": "admin",
            "name": "System Admin"
        }
    },
    "backtrace": [
        {
            "file": "C:\\xampp\\htdocs\\shopify-agent-module\\admin\\ajax\\send_commission_email.php",
            "line": 118,
            "function": "logEmailError"
        }
    ]
}
[2025-01-05 12:44:26] Starting PDF generation Context: {
    "commission_id": 403,
    "request": {
        "method": "POST",
        "uri": "\/shopify-agent-module\/admin\/ajax\/send_commission_email.php",
        "post_data": {
            "commission_id": "403"
        },
        "session_data": {
            "user_id": 1,
            "role": "admin",
            "name": "System Admin"
        }
    },
    "backtrace": [
        {
            "file": "C:\\xampp\\htdocs\\shopify-agent-module\\admin\\ajax\\send_commission_email.php",
            "line": 141,
            "function": "logEmailError"
        }
    ]
}
[2025-01-05 12:44:28] PDF generated and saved successfully Context: {
    "commission_id": 403,
    "filepath": "C:\\xampp\\htdocs\\shopify-agent-module\\admin\\ajax\/..\/..\/storage\/invoice\/commission_403.pdf",
    "filesize": 8880,
    "request": {
        "method": "POST",
        "uri": "\/shopify-agent-module\/admin\/ajax\/send_commission_email.php",
        "post_data": {
            "commission_id": "403"
        },
        "session_data": {
            "user_id": 1,
            "role": "admin",
            "name": "System Admin"
        }
    },
    "backtrace": [
        {
            "file": "C:\\xampp\\htdocs\\shopify-agent-module\\admin\\ajax\\send_commission_email.php",
            "line": 172,
            "function": "logEmailError"
        }
    ]
}
[2025-01-05 12:44:28] Payment receipt attached successfully Context: {
    "commission_id": 403,
    "filename": "receipt_403_1736063093.pdf",
    "request": {
        "method": "POST",
        "uri": "\/shopify-agent-module\/admin\/ajax\/send_commission_email.php",
        "post_data": {
            "commission_id": "403"
        },
        "session_data": {
            "user_id": 1,
            "role": "admin",
            "name": "System Admin"
        }
    },
    "backtrace": [
        {
            "file": "C:\\xampp\\htdocs\\shopify-agent-module\\admin\\ajax\\send_commission_email.php",
            "line": 204,
            "function": "logEmailError"
        }
    ]
}
[2025-01-05 12:44:38] Email sent successfully Context: {
    "commission_id": 403,
    "to": "nitinpatoliya.my@trapo.com",
    "request": {
        "method": "POST",
        "uri": "\/shopify-agent-module\/admin\/ajax\/send_commission_email.php",
        "post_data": {
            "commission_id": "403"
        },
        "session_data": {
            "user_id": 1,
            "role": "admin",
            "name": "System Admin"
        }
    },
    "backtrace": [
        {
            "file": "C:\\xampp\\htdocs\\shopify-agent-module\\admin\\ajax\\send_commission_email.php",
            "line": 247,
            "function": "logEmailError"
        }
    ]
}
[2025-01-05 12:44:38] Starting commission email process Context: {
    "commission_id": "403",
    "request": {
        "method": "POST",
        "uri": "\/shopify-agent-module\/admin\/ajax\/send_commission_email.php",
        "post_data": {
            "commission_id": "403"
        },
        "session_data": {
            "user_id": 1,
            "role": "admin",
            "name": "System Admin"
        }
    },
    "backtrace": [
        {
            "file": "C:\\xampp\\htdocs\\shopify-agent-module\\admin\\ajax\\send_commission_email.php",
            "line": 49,
            "function": "logEmailError"
        }
    ]
}
[2025-01-05 12:44:38] Attempting database connection Context: {
    "request": {
        "method": "POST",
        "uri": "\/shopify-agent-module\/admin\/ajax\/send_commission_email.php",
        "post_data": {
            "commission_id": "403"
        },
        "session_data": {
            "user_id": 1,
            "role": "admin",
            "name": "System Admin"
        }
    },
    "backtrace": [
        {
            "file": "C:\\xampp\\htdocs\\shopify-agent-module\\admin\\ajax\\send_commission_email.php",
            "line": 76,
            "function": "logEmailError"
        }
    ]
}
[2025-01-05 12:44:38] Database connection successful Context: {
    "request": {
        "method": "POST",
        "uri": "\/shopify-agent-module\/admin\/ajax\/send_commission_email.php",
        "post_data": {
            "commission_id": "403"
        },
        "session_data": {
            "user_id": 1,
            "role": "admin",
            "name": "System Admin"
        }
    },
    "backtrace": [
        {
            "file": "C:\\xampp\\htdocs\\shopify-agent-module\\admin\\ajax\\send_commission_email.php",
            "line": 87,
            "function": "logEmailError"
        }
    ]
}
[2025-01-05 12:44:38] Commission data retrieved successfully Context: {
    "commission_id": 403,
    "order_number": "MT-CP1028",
    "request": {
        "method": "POST",
        "uri": "\/shopify-agent-module\/admin\/ajax\/send_commission_email.php",
        "post_data": {
            "commission_id": "403"
        },
        "session_data": {
            "user_id": 1,
            "role": "admin",
            "name": "System Admin"
        }
    },
    "backtrace": [
        {
            "file": "C:\\xampp\\htdocs\\shopify-agent-module\\admin\\ajax\\send_commission_email.php",
            "line": 118,
            "function": "logEmailError"
        }
    ]
}
[2025-01-05 12:44:38] Starting PDF generation Context: {
    "commission_id": 403,
    "request": {
        "method": "POST",
        "uri": "\/shopify-agent-module\/admin\/ajax\/send_commission_email.php",
        "post_data": {
            "commission_id": "403"
        },
        "session_data": {
            "user_id": 1,
            "role": "admin",
            "name": "System Admin"
        }
    },
    "backtrace": [
        {
            "file": "C:\\xampp\\htdocs\\shopify-agent-module\\admin\\ajax\\send_commission_email.php",
            "line": 141,
            "function": "logEmailError"
        }
    ]
}
[2025-01-05 12:44:40] PDF generated and saved successfully Context: {
    "commission_id": 403,
    "filepath": "C:\\xampp\\htdocs\\shopify-agent-module\\admin\\ajax\/..\/..\/storage\/invoice\/commission_403.pdf",
    "filesize": 8880,
    "request": {
        "method": "POST",
        "uri": "\/shopify-agent-module\/admin\/ajax\/send_commission_email.php",
        "post_data": {
            "commission_id": "403"
        },
        "session_data": {
            "user_id": 1,
            "role": "admin",
            "name": "System Admin"
        }
    },
    "backtrace": [
        {
            "file": "C:\\xampp\\htdocs\\shopify-agent-module\\admin\\ajax\\send_commission_email.php",
            "line": 172,
            "function": "logEmailError"
        }
    ]
}
[2025-01-05 12:44:40] Payment receipt attached successfully Context: {
    "commission_id": 403,
    "filename": "receipt_403_1736063093.pdf",
    "request": {
        "method": "POST",
        "uri": "\/shopify-agent-module\/admin\/ajax\/send_commission_email.php",
        "post_data": {
            "commission_id": "403"
        },
        "session_data": {
            "user_id": 1,
            "role": "admin",
            "name": "System Admin"
        }
    },
    "backtrace": [
        {
            "file": "C:\\xampp\\htdocs\\shopify-agent-module\\admin\\ajax\\send_commission_email.php",
            "line": 204,
            "function": "logEmailError"
        }
    ]
}
[2025-01-05 12:44:50] Email sent successfully Context: {
    "commission_id": 403,
    "to": "nitinpatoliya.my@trapo.com",
    "request": {
        "method": "POST",
        "uri": "\/shopify-agent-module\/admin\/ajax\/send_commission_email.php",
        "post_data": {
            "commission_id": "403"
        },
        "session_data": {
            "user_id": 1,
            "role": "admin",
            "name": "System Admin"
        }
    },
    "backtrace": [
        {
            "file": "C:\\xampp\\htdocs\\shopify-agent-module\\admin\\ajax\\send_commission_email.php",
            "line": 247,
            "function": "logEmailError"
        }
    ]
}
[2025-01-05 12:47:33] Starting commission email process Context: {
    "commission_id": "402",
    "request": {
        "method": "POST",
        "uri": "\/shopify-agent-module\/admin\/ajax\/send_commission_email.php",
        "post_data": {
            "commission_id": "402"
        },
        "session_data": {
            "user_id": 1,
            "role": "admin",
            "name": "System Admin"
        }
    },
    "backtrace": [
        {
            "file": "C:\\xampp\\htdocs\\shopify-agent-module\\admin\\ajax\\send_commission_email.php",
            "line": 49,
            "function": "logEmailError"
        }
    ]
}
[2025-01-05 12:47:33] Attempting database connection Context: {
    "request": {
        "method": "POST",
        "uri": "\/shopify-agent-module\/admin\/ajax\/send_commission_email.php",
        "post_data": {
            "commission_id": "402"
        },
        "session_data": {
            "user_id": 1,
            "role": "admin",
            "name": "System Admin"
        }
    },
    "backtrace": [
        {
            "file": "C:\\xampp\\htdocs\\shopify-agent-module\\admin\\ajax\\send_commission_email.php",
            "line": 76,
            "function": "logEmailError"
        }
    ]
}
[2025-01-05 12:47:33] Database connection successful Context: {
    "request": {
        "method": "POST",
        "uri": "\/shopify-agent-module\/admin\/ajax\/send_commission_email.php",
        "post_data": {
            "commission_id": "402"
        },
        "session_data": {
            "user_id": 1,
            "role": "admin",
            "name": "System Admin"
        }
    },
    "backtrace": [
        {
            "file": "C:\\xampp\\htdocs\\shopify-agent-module\\admin\\ajax\\send_commission_email.php",
            "line": 87,
            "function": "logEmailError"
        }
    ]
}
[2025-01-05 12:47:33] Commission data retrieved successfully Context: {
    "commission_id": 402,
    "order_number": "MT-CP1020",
    "request": {
        "method": "POST",
        "uri": "\/shopify-agent-module\/admin\/ajax\/send_commission_email.php",
        "post_data": {
            "commission_id": "402"
        },
        "session_data": {
            "user_id": 1,
            "role": "admin",
            "name": "System Admin"
        }
    },
    "backtrace": [
        {
            "file": "C:\\xampp\\htdocs\\shopify-agent-module\\admin\\ajax\\send_commission_email.php",
            "line": 118,
            "function": "logEmailError"
        }
    ]
}
[2025-01-05 12:47:33] Starting PDF generation Context: {
    "commission_id": 402,
    "request": {
        "method": "POST",
        "uri": "\/shopify-agent-module\/admin\/ajax\/send_commission_email.php",
        "post_data": {
            "commission_id": "402"
        },
        "session_data": {
            "user_id": 1,
            "role": "admin",
            "name": "System Admin"
        }
    },
    "backtrace": [
        {
            "file": "C:\\xampp\\htdocs\\shopify-agent-module\\admin\\ajax\\send_commission_email.php",
            "line": 141,
            "function": "logEmailError"
        }
    ]
}
[2025-01-05 12:47:33] PDF generated and saved successfully Context: {
    "commission_id": 402,
    "filepath": "C:\\xampp\\htdocs\\shopify-agent-module\\admin\\ajax\/..\/..\/storage\/invoice\/commission_402.pdf",
    "filesize": 8432,
    "request": {
        "method": "POST",
        "uri": "\/shopify-agent-module\/admin\/ajax\/send_commission_email.php",
        "post_data": {
            "commission_id": "402"
        },
        "session_data": {
            "user_id": 1,
            "role": "admin",
            "name": "System Admin"
        }
    },
    "backtrace": [
        {
            "file": "C:\\xampp\\htdocs\\shopify-agent-module\\admin\\ajax\\send_commission_email.php",
            "line": 172,
            "function": "logEmailError"
        }
    ]
}
[2025-01-05 12:47:33] Payment receipt attached successfully Context: {
    "commission_id": 402,
    "filename": "receipt_402_1736063348.pdf",
    "request": {
        "method": "POST",
        "uri": "\/shopify-agent-module\/admin\/ajax\/send_commission_email.php",
        "post_data": {
            "commission_id": "402"
        },
        "session_data": {
            "user_id": 1,
            "role": "admin",
            "name": "System Admin"
        }
    },
    "backtrace": [
        {
            "file": "C:\\xampp\\htdocs\\shopify-agent-module\\admin\\ajax\\send_commission_email.php",
            "line": 204,
            "function": "logEmailError"
        }
    ]
}
[2025-01-05 12:47:39] Email sent successfully Context: {
    "commission_id": 402,
    "to": "sarahyusof.my@trapo.com",
    "request": {
        "method": "POST",
        "uri": "\/shopify-agent-module\/admin\/ajax\/send_commission_email.php",
        "post_data": {
            "commission_id": "402"
        },
        "session_data": {
            "user_id": 1,
            "role": "admin",
            "name": "System Admin"
        }
    },
    "backtrace": [
        {
            "file": "C:\\xampp\\htdocs\\shopify-agent-module\\admin\\ajax\\send_commission_email.php",
            "line": 247,
            "function": "logEmailError"
        }
    ]
}
[2025-01-05 12:49:00] Starting commission email process Context: {
    "commission_id": "402",
    "request": {
        "method": "POST",
        "uri": "\/shopify-agent-module\/admin\/ajax\/send_commission_email.php",
        "post_data": {
            "commission_id": "402"
        },
        "session_data": {
            "user_id": 1,
            "role": "admin",
            "name": "System Admin"
        }
    },
    "backtrace": [
        {
            "file": "C:\\xampp\\htdocs\\shopify-agent-module\\admin\\ajax\\send_commission_email.php",
            "line": 49,
            "function": "logEmailError"
        }
    ]
}
[2025-01-05 12:49:00] Attempting database connection Context: {
    "request": {
        "method": "POST",
        "uri": "\/shopify-agent-module\/admin\/ajax\/send_commission_email.php",
        "post_data": {
            "commission_id": "402"
        },
        "session_data": {
            "user_id": 1,
            "role": "admin",
            "name": "System Admin"
        }
    },
    "backtrace": [
        {
            "file": "C:\\xampp\\htdocs\\shopify-agent-module\\admin\\ajax\\send_commission_email.php",
            "line": 76,
            "function": "logEmailError"
        }
    ]
}
[2025-01-05 12:49:00] Database connection successful Context: {
    "request": {
        "method": "POST",
        "uri": "\/shopify-agent-module\/admin\/ajax\/send_commission_email.php",
        "post_data": {
            "commission_id": "402"
        },
        "session_data": {
            "user_id": 1,
            "role": "admin",
            "name": "System Admin"
        }
    },
    "backtrace": [
        {
            "file": "C:\\xampp\\htdocs\\shopify-agent-module\\admin\\ajax\\send_commission_email.php",
            "line": 87,
            "function": "logEmailError"
        }
    ]
}
[2025-01-05 12:49:00] Commission data retrieved successfully Context: {
    "commission_id": 402,
    "order_number": "MT-CP1020",
    "request": {
        "method": "POST",
        "uri": "\/shopify-agent-module\/admin\/ajax\/send_commission_email.php",
        "post_data": {
            "commission_id": "402"
        },
        "session_data": {
            "user_id": 1,
            "role": "admin",
            "name": "System Admin"
        }
    },
    "backtrace": [
        {
            "file": "C:\\xampp\\htdocs\\shopify-agent-module\\admin\\ajax\\send_commission_email.php",
            "line": 118,
            "function": "logEmailError"
        }
    ]
}
[2025-01-05 12:49:00] Starting PDF generation Context: {
    "commission_id": 402,
    "request": {
        "method": "POST",
        "uri": "\/shopify-agent-module\/admin\/ajax\/send_commission_email.php",
        "post_data": {
            "commission_id": "402"
        },
        "session_data": {
            "user_id": 1,
            "role": "admin",
            "name": "System Admin"
        }
    },
    "backtrace": [
        {
            "file": "C:\\xampp\\htdocs\\shopify-agent-module\\admin\\ajax\\send_commission_email.php",
            "line": 141,
            "function": "logEmailError"
        }
    ]
}
[2025-01-05 12:49:00] PDF generated and saved successfully Context: {
    "commission_id": 402,
    "filepath": "C:\\xampp\\htdocs\\shopify-agent-module\\admin\\ajax\/..\/..\/storage\/invoice\/commission_402.pdf",
    "filesize": 8432,
    "request": {
        "method": "POST",
        "uri": "\/shopify-agent-module\/admin\/ajax\/send_commission_email.php",
        "post_data": {
            "commission_id": "402"
        },
        "session_data": {
            "user_id": 1,
            "role": "admin",
            "name": "System Admin"
        }
    },
    "backtrace": [
        {
            "file": "C:\\xampp\\htdocs\\shopify-agent-module\\admin\\ajax\\send_commission_email.php",
            "line": 172,
            "function": "logEmailError"
        }
    ]
}
[2025-01-05 12:49:00] Payment receipt attached successfully Context: {
    "commission_id": 402,
    "filename": "receipt_402_1736063348.pdf",
    "request": {
        "method": "POST",
        "uri": "\/shopify-agent-module\/admin\/ajax\/send_commission_email.php",
        "post_data": {
            "commission_id": "402"
        },
        "session_data": {
            "user_id": 1,
            "role": "admin",
            "name": "System Admin"
        }
    },
    "backtrace": [
        {
            "file": "C:\\xampp\\htdocs\\shopify-agent-module\\admin\\ajax\\send_commission_email.php",
            "line": 204,
            "function": "logEmailError"
        }
    ]
}
[2025-01-05 12:49:10] Email sent successfully Context: {
    "commission_id": 402,
    "to": "sarahyusof.my@trapo.com",
    "request": {
        "method": "POST",
        "uri": "\/shopify-agent-module\/admin\/ajax\/send_commission_email.php",
        "post_data": {
            "commission_id": "402"
        },
        "session_data": {
            "user_id": 1,
            "role": "admin",
            "name": "System Admin"
        }
    },
    "backtrace": [
        {
            "file": "C:\\xampp\\htdocs\\shopify-agent-module\\admin\\ajax\\send_commission_email.php",
            "line": 247,
            "function": "logEmailError"
        }
    ]
}
[2025-01-05 12:50:27] Starting commission email process Context: {
    "commission_id": "403",
    "request": {
        "method": "POST",
        "uri": "\/shopify-agent-module\/admin\/ajax\/send_commission_email.php",
        "post_data": {
            "commission_id": "403"
        },
        "session_data": {
            "user_id": 1,
            "role": "admin",
            "name": "System Admin"
        }
    },
    "backtrace": [
        {
            "file": "C:\\xampp\\htdocs\\shopify-agent-module\\admin\\ajax\\send_commission_email.php",
            "line": 49,
            "function": "logEmailError"
        }
    ]
}
[2025-01-05 12:50:27] Attempting database connection Context: {
    "request": {
        "method": "POST",
        "uri": "\/shopify-agent-module\/admin\/ajax\/send_commission_email.php",
        "post_data": {
            "commission_id": "403"
        },
        "session_data": {
            "user_id": 1,
            "role": "admin",
            "name": "System Admin"
        }
    },
    "backtrace": [
        {
            "file": "C:\\xampp\\htdocs\\shopify-agent-module\\admin\\ajax\\send_commission_email.php",
            "line": 76,
            "function": "logEmailError"
        }
    ]
}
[2025-01-05 12:50:27] Database connection successful Context: {
    "request": {
        "method": "POST",
        "uri": "\/shopify-agent-module\/admin\/ajax\/send_commission_email.php",
        "post_data": {
            "commission_id": "403"
        },
        "session_data": {
            "user_id": 1,
            "role": "admin",
            "name": "System Admin"
        }
    },
    "backtrace": [
        {
            "file": "C:\\xampp\\htdocs\\shopify-agent-module\\admin\\ajax\\send_commission_email.php",
            "line": 87,
            "function": "logEmailError"
        }
    ]
}
[2025-01-05 12:50:27] Commission data retrieved successfully Context: {
    "commission_id": 403,
    "order_number": "MT-CP1028",
    "request": {
        "method": "POST",
        "uri": "\/shopify-agent-module\/admin\/ajax\/send_commission_email.php",
        "post_data": {
            "commission_id": "403"
        },
        "session_data": {
            "user_id": 1,
            "role": "admin",
            "name": "System Admin"
        }
    },
    "backtrace": [
        {
            "file": "C:\\xampp\\htdocs\\shopify-agent-module\\admin\\ajax\\send_commission_email.php",
            "line": 118,
            "function": "logEmailError"
        }
    ]
}
[2025-01-05 12:50:27] Starting PDF generation Context: {
    "commission_id": 403,
    "request": {
        "method": "POST",
        "uri": "\/shopify-agent-module\/admin\/ajax\/send_commission_email.php",
        "post_data": {
            "commission_id": "403"
        },
        "session_data": {
            "user_id": 1,
            "role": "admin",
            "name": "System Admin"
        }
    },
    "backtrace": [
        {
            "file": "C:\\xampp\\htdocs\\shopify-agent-module\\admin\\ajax\\send_commission_email.php",
            "line": 141,
            "function": "logEmailError"
        }
    ]
}
[2025-01-05 12:50:29] PDF generated and saved successfully Context: {
    "commission_id": 403,
    "filepath": "C:\\xampp\\htdocs\\shopify-agent-module\\admin\\ajax\/..\/..\/storage\/invoice\/commission_403.pdf",
    "filesize": 8880,
    "request": {
        "method": "POST",
        "uri": "\/shopify-agent-module\/admin\/ajax\/send_commission_email.php",
        "post_data": {
            "commission_id": "403"
        },
        "session_data": {
            "user_id": 1,
            "role": "admin",
            "name": "System Admin"
        }
    },
    "backtrace": [
        {
            "file": "C:\\xampp\\htdocs\\shopify-agent-module\\admin\\ajax\\send_commission_email.php",
            "line": 172,
            "function": "logEmailError"
        }
    ]
}
[2025-01-05 12:50:29] Payment receipt attached successfully Context: {
    "commission_id": 403,
    "filename": "receipt_403_1736063093.pdf",
    "request": {
        "method": "POST",
        "uri": "\/shopify-agent-module\/admin\/ajax\/send_commission_email.php",
        "post_data": {
            "commission_id": "403"
        },
        "session_data": {
            "user_id": 1,
            "role": "admin",
            "name": "System Admin"
        }
    },
    "backtrace": [
        {
            "file": "C:\\xampp\\htdocs\\shopify-agent-module\\admin\\ajax\\send_commission_email.php",
            "line": 204,
            "function": "logEmailError"
        }
    ]
}
[2025-01-05 12:50:40] Email sent successfully Context: {
    "commission_id": 403,
    "to": "nitinpatoliya.my@trapo.com",
    "request": {
        "method": "POST",
        "uri": "\/shopify-agent-module\/admin\/ajax\/send_commission_email.php",
        "post_data": {
            "commission_id": "403"
        },
        "session_data": {
            "user_id": 1,
            "role": "admin",
            "name": "System Admin"
        }
    },
    "backtrace": [
        {
            "file": "C:\\xampp\\htdocs\\shopify-agent-module\\admin\\ajax\\send_commission_email.php",
            "line": 247,
            "function": "logEmailError"
        }
    ]
}
[2025-01-05 12:50:50] Starting commission email process Context: {
    "commission_id": "332",
    "request": {
        "method": "POST",
        "uri": "\/shopify-agent-module\/admin\/ajax\/send_commission_email.php",
        "post_data": {
            "commission_id": "332"
        },
        "session_data": {
            "user_id": 1,
            "role": "admin",
            "name": "System Admin"
        }
    },
    "backtrace": [
        {
            "file": "C:\\xampp\\htdocs\\shopify-agent-module\\admin\\ajax\\send_commission_email.php",
            "line": 49,
            "function": "logEmailError"
        }
    ]
}
[2025-01-05 12:50:50] Attempting database connection Context: {
    "request": {
        "method": "POST",
        "uri": "\/shopify-agent-module\/admin\/ajax\/send_commission_email.php",
        "post_data": {
            "commission_id": "332"
        },
        "session_data": {
            "user_id": 1,
            "role": "admin",
            "name": "System Admin"
        }
    },
    "backtrace": [
        {
            "file": "C:\\xampp\\htdocs\\shopify-agent-module\\admin\\ajax\\send_commission_email.php",
            "line": 76,
            "function": "logEmailError"
        }
    ]
}
[2025-01-05 12:50:51] Database connection successful Context: {
    "request": {
        "method": "POST",
        "uri": "\/shopify-agent-module\/admin\/ajax\/send_commission_email.php",
        "post_data": {
            "commission_id": "332"
        },
        "session_data": {
            "user_id": 1,
            "role": "admin",
            "name": "System Admin"
        }
    },
    "backtrace": [
        {
            "file": "C:\\xampp\\htdocs\\shopify-agent-module\\admin\\ajax\\send_commission_email.php",
            "line": 87,
            "function": "logEmailError"
        }
    ]
}
[2025-01-05 12:50:51] Commission data retrieved successfully Context: {
    "commission_id": 332,
    "order_number": "MT-CP1005",
    "request": {
        "method": "POST",
        "uri": "\/shopify-agent-module\/admin\/ajax\/send_commission_email.php",
        "post_data": {
            "commission_id": "332"
        },
        "session_data": {
            "user_id": 1,
            "role": "admin",
            "name": "System Admin"
        }
    },
    "backtrace": [
        {
            "file": "C:\\xampp\\htdocs\\shopify-agent-module\\admin\\ajax\\send_commission_email.php",
            "line": 118,
            "function": "logEmailError"
        }
    ]
}
[2025-01-05 12:50:51] Starting PDF generation Context: {
    "commission_id": 332,
    "request": {
        "method": "POST",
        "uri": "\/shopify-agent-module\/admin\/ajax\/send_commission_email.php",
        "post_data": {
            "commission_id": "332"
        },
        "session_data": {
            "user_id": 1,
            "role": "admin",
            "name": "System Admin"
        }
    },
    "backtrace": [
        {
            "file": "C:\\xampp\\htdocs\\shopify-agent-module\\admin\\ajax\\send_commission_email.php",
            "line": 141,
            "function": "logEmailError"
        }
    ]
}
[2025-01-05 12:50:51] PDF generated and saved successfully Context: {
    "commission_id": 332,
    "filepath": "C:\\xampp\\htdocs\\shopify-agent-module\\admin\\ajax\/..\/..\/storage\/invoice\/commission_332.pdf",
    "filesize": 8201,
    "request": {
        "method": "POST",
        "uri": "\/shopify-agent-module\/admin\/ajax\/send_commission_email.php",
        "post_data": {
            "commission_id": "332"
        },
        "session_data": {
            "user_id": 1,
            "role": "admin",
            "name": "System Admin"
        }
    },
    "backtrace": [
        {
            "file": "C:\\xampp\\htdocs\\shopify-agent-module\\admin\\ajax\\send_commission_email.php",
            "line": 172,
            "function": "logEmailError"
        }
    ]
}
[2025-01-05 12:50:58] Email sent successfully Context: {
    "commission_id": 332,
    "to": "siddhartha.my@trapo.com",
    "request": {
        "method": "POST",
        "uri": "\/shopify-agent-module\/admin\/ajax\/send_commission_email.php",
        "post_data": {
            "commission_id": "332"
        },
        "session_data": {
            "user_id": 1,
            "role": "admin",
            "name": "System Admin"
        }
    },
    "backtrace": [
        {
            "file": "C:\\xampp\\htdocs\\shopify-agent-module\\admin\\ajax\\send_commission_email.php",
            "line": 247,
            "function": "logEmailError"
        }
    ]
}
[2025-01-05 12:51:05] Starting commission email process Context: {
    "commission_id": "318",
    "request": {
        "method": "POST",
        "uri": "\/shopify-agent-module\/admin\/ajax\/send_commission_email.php",
        "post_data": {
            "commission_id": "318"
        },
        "session_data": {
            "user_id": 1,
            "role": "admin",
            "name": "System Admin"
        }
    },
    "backtrace": [
        {
            "file": "C:\\xampp\\htdocs\\shopify-agent-module\\admin\\ajax\\send_commission_email.php",
            "line": 49,
            "function": "logEmailError"
        }
    ]
}
[2025-01-05 12:51:05] Attempting database connection Context: {
    "request": {
        "method": "POST",
        "uri": "\/shopify-agent-module\/admin\/ajax\/send_commission_email.php",
        "post_data": {
            "commission_id": "318"
        },
        "session_data": {
            "user_id": 1,
            "role": "admin",
            "name": "System Admin"
        }
    },
    "backtrace": [
        {
            "file": "C:\\xampp\\htdocs\\shopify-agent-module\\admin\\ajax\\send_commission_email.php",
            "line": 76,
            "function": "logEmailError"
        }
    ]
}
[2025-01-05 12:51:05] Database connection successful Context: {
    "request": {
        "method": "POST",
        "uri": "\/shopify-agent-module\/admin\/ajax\/send_commission_email.php",
        "post_data": {
            "commission_id": "318"
        },
        "session_data": {
            "user_id": 1,
            "role": "admin",
            "name": "System Admin"
        }
    },
    "backtrace": [
        {
            "file": "C:\\xampp\\htdocs\\shopify-agent-module\\admin\\ajax\\send_commission_email.php",
            "line": 87,
            "function": "logEmailError"
        }
    ]
}
[2025-01-05 12:51:05] Commission data retrieved successfully Context: {
    "commission_id": 318,
    "order_number": "MT-CP1022",
    "request": {
        "method": "POST",
        "uri": "\/shopify-agent-module\/admin\/ajax\/send_commission_email.php",
        "post_data": {
            "commission_id": "318"
        },
        "session_data": {
            "user_id": 1,
            "role": "admin",
            "name": "System Admin"
        }
    },
    "backtrace": [
        {
            "file": "C:\\xampp\\htdocs\\shopify-agent-module\\admin\\ajax\\send_commission_email.php",
            "line": 118,
            "function": "logEmailError"
        }
    ]
}
[2025-01-05 12:51:05] Starting PDF generation Context: {
    "commission_id": 318,
    "request": {
        "method": "POST",
        "uri": "\/shopify-agent-module\/admin\/ajax\/send_commission_email.php",
        "post_data": {
            "commission_id": "318"
        },
        "session_data": {
            "user_id": 1,
            "role": "admin",
            "name": "System Admin"
        }
    },
    "backtrace": [
        {
            "file": "C:\\xampp\\htdocs\\shopify-agent-module\\admin\\ajax\\send_commission_email.php",
            "line": 141,
            "function": "logEmailError"
        }
    ]
}
[2025-01-05 12:51:07] PDF generated and saved successfully Context: {
    "commission_id": 318,
    "filepath": "C:\\xampp\\htdocs\\shopify-agent-module\\admin\\ajax\/..\/..\/storage\/invoice\/commission_318.pdf",
    "filesize": 8583,
    "request": {
        "method": "POST",
        "uri": "\/shopify-agent-module\/admin\/ajax\/send_commission_email.php",
        "post_data": {
            "commission_id": "318"
        },
        "session_data": {
            "user_id": 1,
            "role": "admin",
            "name": "System Admin"
        }
    },
    "backtrace": [
        {
            "file": "C:\\xampp\\htdocs\\shopify-agent-module\\admin\\ajax\\send_commission_email.php",
            "line": 172,
            "function": "logEmailError"
        }
    ]
}
[2025-01-05 12:51:15] Email sent successfully Context: {
    "commission_id": 318,
    "to": "nitinpatoliya.my@trapo.com",
    "request": {
        "method": "POST",
        "uri": "\/shopify-agent-module\/admin\/ajax\/send_commission_email.php",
        "post_data": {
            "commission_id": "318"
        },
        "session_data": {
            "user_id": 1,
            "role": "admin",
            "name": "System Admin"
        }
    },
    "backtrace": [
        {
            "file": "C:\\xampp\\htdocs\\shopify-agent-module\\admin\\ajax\\send_commission_email.php",
            "line": 247,
            "function": "logEmailError"
        }
    ]
}
