[05-Jan-2025 15:30:56 Europe/Berlin] Commission Stats: Array
(
    [total_amount] => 7987.09
    [total_count] => 29
    [statuses] => pending
)

[05-Jan-2025 15:30:56 Europe/Berlin] Query: 
        SELECT 
            COALESCE(SUM(amount), 0) as total_amount,
            COUNT(*) as total_count,
            GROUP_CONCAT(DISTINCT status) as statuses
        FROM commissions 
        WHERE status != 'cancelled'
[05-Jan-2025 16:24:26 Europe/Berlin] Commission Stats: Array
(
    [total_amount] => 7987.09
    [total_count] => 29
    [statuses] => pending,paid
)

[05-Jan-2025 16:24:26 Europe/Berlin] Query: 
        SELECT 
            COALESCE(SUM(amount), 0) as total_amount,
            COUNT(*) as total_count,
            GROUP_CONCAT(DISTINCT status) as statuses
        FROM commissions 
        WHERE status != 'cancelled'
