[2025-01-11 05:37:05] Fetching orders {"endpoint":"orders.json?status=any&limit=250&created_at_min=2024-10-13T05%3A37%3A05%2B02%3A00"}
[2025-01-11 05:37:08] Processing order {"order_number":"MT-CP1047","shopify_order_id":5960290238719}
[2025-01-11 05:37:08] Metafields processed for order {"order_id":5960290238719,"order_number":"MT-CP1047","metafields":"{\"views\":{\"blocks\":[\"675917f88990398256597249\"]},\"customer_email\":\"nitinpatoliya19@gmail.com\"}"}
[2025-01-11 05:37:08] Synced new order {"order_number":"MT-CP1047","shopify_order_id":5960290238719,"customer_id":"23"}
[2025-01-11 05:37:08] Processing order {"order_number":"MT-CP1046","shopify_order_id":5960269299967}
[2025-01-11 05:37:09] Metafields processed for order {"order_id":5960269299967,"order_number":"MT-CP1046","metafields":"{\"views\":{\"blocks\":[\"675917f88990398256597249\"]},\"customer_email\":\"nitinpatoliya19@gmail.com\"}"}
[2025-01-11 05:37:09] Synced new order {"order_number":"MT-CP1046","shopify_order_id":5960269299967,"customer_id":"23"}
[2025-01-11 05:37:09] Processing order {"order_number":"MT-CP1045","shopify_order_id":5960267956479}
[2025-01-11 05:37:10] Metafields processed for order {"order_id":5960267956479,"order_number":"MT-CP1045","metafields":"{\"views\":{\"blocks\":[\"675917f88990398256597249\"]},\"customer_email\":\"nitinpatoliya19@gmail.com\"}"}
[2025-01-11 05:37:10] Synced new order {"order_number":"MT-CP1045","shopify_order_id":5960267956479,"customer_id":"23"}
[2025-01-11 05:37:10] Processing order {"order_number":"MT-CP1044","shopify_order_id":5960204222719}
[2025-01-11 05:37:10] Metafields processed for order {"order_id":5960204222719,"order_number":"MT-CP1044","metafields":"{\"views\":{\"blocks\":[\"675917f88990398256597249\"]},\"customer_email\":\"nitinpatoliya19@gmail.com\"}"}
[2025-01-11 05:37:10] Synced new order {"order_number":"MT-CP1044","shopify_order_id":5960204222719,"customer_id":"23"}
[2025-01-11 05:37:10] Processing order {"order_number":"MT-CP1043","shopify_order_id":5960194621695}
[2025-01-11 05:37:11] Metafields processed for order {"order_id":5960194621695,"order_number":"MT-CP1043","metafields":"{\"views\":{\"blocks\":[\"675917f88990398256597249\"]},\"customer_email\":\"nitinpatoliya19@gmail.com\"}"}
[2025-01-11 05:37:11] Synced new order {"order_number":"MT-CP1043","shopify_order_id":5960194621695,"customer_id":"23"}
[2025-01-11 05:37:11] Processing order {"order_number":"MT-CP1042","shopify_order_id":5960192459007}
[2025-01-11 05:37:11] Metafields processed for order {"order_id":5960192459007,"order_number":"MT-CP1042","metafields":"{\"views\":{\"blocks\":[\"675917f88990398256597249\"]},\"customer_email\":\"nitinpatoliya19@gmail.com\"}"}
[2025-01-11 05:37:11] Synced new order {"order_number":"MT-CP1042","shopify_order_id":5960192459007,"customer_id":"23"}
[2025-01-11 05:37:11] Processing order {"order_number":"MT-CP1041","shopify_order_id":5960187117823}
[2025-01-11 05:37:12] Metafields processed for order {"order_id":5960187117823,"order_number":"MT-CP1041","metafields":"{\"views\":{\"blocks\":[\"675917f88990398256597249\"]},\"customer_email\":\"nitinpatoliya19@gmail.com\"}"}
[2025-01-11 05:37:12] Synced new order {"order_number":"MT-CP1041","shopify_order_id":5960187117823,"customer_id":"23"}
[2025-01-11 05:37:12] Processing order {"order_number":"MT-CP1040","shopify_order_id":5960181743871}
[2025-01-11 05:37:12] Metafields processed for order {"order_id":5960181743871,"order_number":"MT-CP1040","metafields":"{\"views\":{\"blocks\":[\"675917f88990398256597249\"]},\"customer_email\":\"nitinpatoliya19@gmail.com\"}"}
[2025-01-11 05:37:12] Synced new order {"order_number":"MT-CP1040","shopify_order_id":5960181743871,"customer_id":"23"}
[2025-01-11 05:37:12] Processing order {"order_number":"MT-CP1039","shopify_order_id":5960178729215}
[2025-01-11 05:37:13] Metafields processed for order {"order_id":5960178729215,"order_number":"MT-CP1039","metafields":"{\"views\":{\"blocks\":[\"675917f88990398256597249\"]},\"customer_email\":\"nitinpatoliya19@gmail.com\"}"}
[2025-01-11 05:37:13] Synced new order {"order_number":"MT-CP1039","shopify_order_id":5960178729215,"customer_id":"23"}
[2025-01-11 05:37:13] Processing order {"order_number":"MT-CP1038","shopify_order_id":5960174502143}
[2025-01-11 05:37:14] Metafields processed for order {"order_id":5960174502143,"order_number":"MT-CP1038","metafields":"{\"views\":{\"blocks\":[\"675917f88990398256597249\"]},\"customer_email\":\"nitinpatoliya19@gmail.com\"}"}
[2025-01-11 05:37:14] Synced new order {"order_number":"MT-CP1038","shopify_order_id":5960174502143,"customer_id":"23"}
[2025-01-11 05:37:14] Processing order {"order_number":"MT-CP1037","shopify_order_id":5960171028735}
[2025-01-11 05:37:14] Metafields processed for order {"order_id":5960171028735,"order_number":"MT-CP1037","metafields":"{\"views\":{\"blocks\":[\"675917f88990398256597249\"]},\"customer_email\":\"nitinpatoliya19@gmail.com\"}"}
[2025-01-11 05:37:14] Synced new order {"order_number":"MT-CP1037","shopify_order_id":5960171028735,"customer_id":"23"}
[2025-01-11 05:37:14] Processing order {"order_number":"MT-CP1036","shopify_order_id":5960165720319}
[2025-01-11 05:37:15] Metafields processed for order {"order_id":5960165720319,"order_number":"MT-CP1036","metafields":"{\"views\":{\"blocks\":[\"675917f88990398256597249\"]},\"customer_email\":\"nitinpatoliya19@gmail.com\"}"}
[2025-01-11 05:37:15] Synced new order {"order_number":"MT-CP1036","shopify_order_id":5960165720319,"customer_id":"23"}
[2025-01-11 05:37:15] Processing order {"order_number":"MT-CP1035","shopify_order_id":5960160936191}
[2025-01-11 05:37:15] Metafields processed for order {"order_id":5960160936191,"order_number":"MT-CP1035","metafields":"{\"views\":{\"blocks\":[\"675917f88990398256597249\"]},\"customer_email\":\"nitinpatoliya19@gmail.com\"}"}
[2025-01-11 05:37:15] Synced new order {"order_number":"MT-CP1035","shopify_order_id":5960160936191,"customer_id":"23"}
[2025-01-11 05:37:15] Processing order {"order_number":"MT-CP1034","shopify_order_id":5960156414207}
[2025-01-11 05:37:16] Metafields processed for order {"order_id":5960156414207,"order_number":"MT-CP1034","metafields":"{\"views\":{\"blocks\":[\"675917f88990398256597249\"]},\"customer_email\":\"nitinpatoliya19@gmail.com\"}"}
[2025-01-11 05:37:16] Synced new order {"order_number":"MT-CP1034","shopify_order_id":5960156414207,"customer_id":"23"}
[2025-01-11 05:37:16] Processing order {"order_number":"MT-CP1033","shopify_order_id":5960149958911}
[2025-01-11 05:37:17] Metafields processed for order {"order_id":5960149958911,"order_number":"MT-CP1033","metafields":"{\"views\":{\"blocks\":[\"675917f88990398256597249\"]},\"customer_email\":\"nitinpatoliya19@gmail.com\"}"}
[2025-01-11 05:37:17] Synced new order {"order_number":"MT-CP1033","shopify_order_id":5960149958911,"customer_id":"23"}
[2025-01-11 05:37:17] Processing order {"order_number":"MT-CP1032","shopify_order_id":5960146616575}
[2025-01-11 05:37:17] Metafields processed for order {"order_id":5960146616575,"order_number":"MT-CP1032","metafields":"{\"views\":{\"blocks\":[\"675917f88990398256597249\"]},\"customer_email\":\"nitinpatoliya19@gmail.com\"}"}
[2025-01-11 05:37:17] Synced new order {"order_number":"MT-CP1032","shopify_order_id":5960146616575,"customer_id":"23"}
[2025-01-11 05:37:17] Processing order {"order_number":"MT-CP1031","shopify_order_id":5960143077631}
[2025-01-11 05:37:18] Metafields processed for order {"order_id":5960143077631,"order_number":"MT-CP1031","metafields":"{\"views\":{\"blocks\":[\"675917f88990398256597249\"]},\"customer_email\":\"nitinpatoliya19@gmail.com\"}"}
[2025-01-11 05:37:18] Synced new order {"order_number":"MT-CP1031","shopify_order_id":5960143077631,"customer_id":"23"}
[2025-01-11 05:37:18] Processing order {"order_number":"MT-CP1030","shopify_order_id":5946121355519}
[2025-01-11 05:37:19] Metafields processed for order {"order_id":5946121355519,"order_number":"MT-CP1030","metafields":"{\"views\":{\"blocks\":[\"675917f88990398256597249\"]},\"customer_email\":\"protint.autofilm@gmail.com\"}"}
[2025-01-11 05:37:19] Synced new order {"order_number":"MT-CP1030","shopify_order_id":5946121355519,"customer_id":"13"}
[2025-01-11 05:37:19] Processing order {"order_number":"MT-CP1029","shopify_order_id":5942230810879}
[2025-01-11 05:37:19] Metafields processed for order {"order_id":5942230810879,"order_number":"MT-CP1029","metafields":"{\"views\":{\"blocks\":[\"675917f88990398256597249\"]},\"customer_email\":\"protint.autofilm@gmail.com\"}"}
[2025-01-11 05:37:19] Synced new order {"order_number":"MT-CP1029","shopify_order_id":5942230810879,"customer_id":"13"}
[2025-01-11 05:37:19] Processing order {"order_number":"MT-CP1028","shopify_order_id":5940027883775}
[2025-01-11 05:37:20] Metafields processed for order {"order_id":5940027883775,"order_number":"MT-CP1028","metafields":"{\"views\":{\"blocks\":[\"675917f88990398256597249\"]},\"customer_email\":\"nitinpatoliya19@gmail.com\"}"}
[2025-01-11 05:37:20] Synced new order {"order_number":"MT-CP1028","shopify_order_id":5940027883775,"customer_id":"23"}
[2025-01-11 05:37:20] Processing order {"order_number":"MT-CP1027","shopify_order_id":5939728220415}
[2025-01-11 05:37:20] Metafields processed for order {"order_id":5939728220415,"order_number":"MT-CP1027","metafields":"{\"views\":{\"blocks\":[\"675917f88990398256597249\"]},\"customer_email\":\"protint.autofilm@gmail.com\"}"}
[2025-01-11 05:37:20] Synced new order {"order_number":"MT-CP1027","shopify_order_id":5939728220415,"customer_id":"13"}
[2025-01-11 05:37:20] Processing order {"order_number":"MT-CP1026","shopify_order_id":5932463849727}
[2025-01-11 05:37:21] Metafields processed for order {"order_id":5932463849727,"order_number":"MT-CP1026","metafields":"{\"views\":{\"blocks\":[\"675917f88990398256597249\"]},\"customer_email\":\"nitinpatoliya19@gmail.com\"}"}
[2025-01-11 05:37:21] Synced new order {"order_number":"MT-CP1026","shopify_order_id":5932463849727,"customer_id":"23"}
[2025-01-11 05:37:21] Processing order {"order_number":"MT-CP1025","shopify_order_id":5932166611199}
[2025-01-11 05:37:21] Metafields processed for order {"order_id":5932166611199,"order_number":"MT-CP1025","metafields":"{\"views\":{\"blocks\":[\"675917f88990398256597249\"]},\"customer_email\":\"protint.autofilm@gmail.com\"}"}
[2025-01-11 05:37:22] Synced new order {"order_number":"MT-CP1025","shopify_order_id":5932166611199,"customer_id":"13"}
[2025-01-11 05:37:22] Processing order {"order_number":"MT-CP1024","shopify_order_id":5929304359167}
[2025-01-11 05:37:22] Metafields processed for order {"order_id":5929304359167,"order_number":"MT-CP1024","metafields":"{\"views\":{\"blocks\":[\"675917f88990398256597249\"]},\"customer_email\":\"bydbu.mtsb@gmail.com\"}"}
[2025-01-11 05:37:22] Synced new order {"order_number":"MT-CP1024","shopify_order_id":5929304359167,"customer_id":"13"}
[2025-01-11 05:37:22] Processing order {"order_number":"MT-CP1023","shopify_order_id":5916742222079}
[2025-01-11 05:37:23] Metafields processed for order {"order_id":5916742222079,"order_number":"MT-CP1023","metafields":"{\"views\":{\"blocks\":[\"675917f88990398256597249\"]},\"customer_email\":\"nitinpatoliya19@gmail.com\"}"}
[2025-01-11 05:37:23] Synced new order {"order_number":"MT-CP1023","shopify_order_id":5916742222079,"customer_id":"23"}
[2025-01-11 05:37:23] Processing order {"order_number":"MT-CP1022","shopify_order_id":5905150345471}
[2025-01-11 05:37:23] Metafields processed for order {"order_id":5905150345471,"order_number":"MT-CP1022","metafields":"{\"customer_email\":\"nitinpatoliya1921@gmai.com\"}"}
[2025-01-11 05:37:23] Synced new order {"order_number":"MT-CP1022","shopify_order_id":5905150345471,"customer_id":"23"}
[2025-01-11 05:37:23] Processing order {"order_number":"MT-CP1021","shopify_order_id":5891357016319}
[2025-01-11 05:37:24] Metafields processed for order {"order_id":5891357016319,"order_number":"MT-CP1021","metafields":null}
[2025-01-11 05:37:24] Synced new order {"order_number":"MT-CP1021","shopify_order_id":5891357016319,"customer_id":"14"}
[2025-01-11 05:37:24] Processing order {"order_number":"MT-CP1020","shopify_order_id":5889828716799}
[2025-01-11 05:37:24] Metafields processed for order {"order_id":5889828716799,"order_number":"MT-CP1020","metafields":null}
[2025-01-11 05:37:24] Synced new order {"order_number":"MT-CP1020","shopify_order_id":5889828716799,"customer_id":"27"}
[2025-01-11 05:37:24] Processing order {"order_number":"MT-CP1019","shopify_order_id":5874683412735}
[2025-01-11 05:37:25] Metafields processed for order {"order_id":5874683412735,"order_number":"MT-CP1019","metafields":null}
[2025-01-11 05:37:25] Synced new order {"order_number":"MT-CP1019","shopify_order_id":5874683412735,"customer_id":"24"}
[2025-01-11 05:37:25] Processing order {"order_number":"MT-CP1018","shopify_order_id":5865812427007}
[2025-01-11 05:37:25] Metafields processed for order {"order_id":5865812427007,"order_number":"MT-CP1018","metafields":null}
[2025-01-11 05:37:25] Synced new order {"order_number":"MT-CP1018","shopify_order_id":5865812427007,"customer_id":"25"}
[2025-01-11 05:37:25] Processing order {"order_number":"MT-CP1017","shopify_order_id":5865599664383}
[2025-01-11 05:37:26] Metafields processed for order {"order_id":5865599664383,"order_number":"MT-CP1017","metafields":null}
[2025-01-11 05:37:26] Synced new order {"order_number":"MT-CP1017","shopify_order_id":5865599664383,"customer_id":"18"}
[2025-01-11 05:37:26] Processing order {"order_number":"MT-CP1016","shopify_order_id":5864563310847}
[2025-01-11 05:37:27] Metafields processed for order {"order_id":5864563310847,"order_number":"MT-CP1016","metafields":null}
[2025-01-11 05:37:27] Synced new order {"order_number":"MT-CP1016","shopify_order_id":5864563310847,"customer_id":"18"}
[2025-01-11 05:37:27] Processing order {"order_number":"MT-CP1015","shopify_order_id":5864561180927}
[2025-01-11 05:37:27] Metafields processed for order {"order_id":5864561180927,"order_number":"MT-CP1015","metafields":null}
[2025-01-11 05:37:27] Synced new order {"order_number":"MT-CP1015","shopify_order_id":5864561180927,"customer_id":"18"}
[2025-01-11 05:37:27] Processing order {"order_number":"MT-CP1014","shopify_order_id":5855459901695}
[2025-01-11 05:37:28] Metafields processed for order {"order_id":5855459901695,"order_number":"MT-CP1014","metafields":"{\"customer_information\":\"gid:\/\/shopify\/Metaobject\/60981739775\",\"car_delivery_status\":\"Processing\"}"}
[2025-01-11 05:37:28] Synced new order {"order_number":"MT-CP1014","shopify_order_id":5855459901695,"customer_id":"25"}
[2025-01-11 05:37:28] Processing order {"order_number":"MT-CP1013","shopify_order_id":5855450398975}
[2025-01-11 05:37:29] Metafields processed for order {"order_id":5855450398975,"order_number":"MT-CP1013","metafields":null}
[2025-01-11 05:37:29] Synced new order {"order_number":"MT-CP1013","shopify_order_id":5855450398975,"customer_id":"28"}
[2025-01-11 05:37:29] Processing order {"order_number":"MT-CP1012","shopify_order_id":5855448498431}
[2025-01-11 05:37:29] Metafields processed for order {"order_id":5855448498431,"order_number":"MT-CP1012","metafields":null}
[2025-01-11 05:37:29] Synced new order {"order_number":"MT-CP1012","shopify_order_id":5855448498431,"customer_id":"28"}
[2025-01-11 05:37:29] Processing order {"order_number":"MT-CP1011","shopify_order_id":5855447843071}
[2025-01-11 05:37:30] Metafields processed for order {"order_id":5855447843071,"order_number":"MT-CP1011","metafields":null}
[2025-01-11 05:37:30] Synced new order {"order_number":"MT-CP1011","shopify_order_id":5855447843071,"customer_id":"28"}
[2025-01-11 05:37:30] Processing order {"order_number":"MT-CP1010","shopify_order_id":5854341726463}
[2025-01-11 05:37:31] Metafields processed for order {"order_id":5854341726463,"order_number":"MT-CP1010","metafields":null}
[2025-01-11 05:37:31] Synced new order {"order_number":"MT-CP1010","shopify_order_id":5854341726463,"customer_id":"22"}
[2025-01-11 05:37:31] Processing order {"order_number":"MT-CP1009","shopify_order_id":5848626069759}
[2025-01-11 05:37:31] Metafields processed for order {"order_id":5848626069759,"order_number":"MT-CP1009","metafields":null}
[2025-01-11 05:37:31] Synced new order {"order_number":"MT-CP1009","shopify_order_id":5848626069759,"customer_id":"21"}
[2025-01-11 05:37:31] Processing order {"order_number":"MT-CP1008","shopify_order_id":5848622104831}
[2025-01-11 05:37:32] Metafields processed for order {"order_id":5848622104831,"order_number":"MT-CP1008","metafields":null}
[2025-01-11 05:37:32] Synced new order {"order_number":"MT-CP1008","shopify_order_id":5848622104831,"customer_id":"21"}
[2025-01-11 05:37:32] Processing order {"order_number":"MT-CP1007","shopify_order_id":5843250577663}
[2025-01-11 05:37:32] Metafields processed for order {"order_id":5843250577663,"order_number":"MT-CP1007","metafields":null}
[2025-01-11 05:37:32] Synced new order {"order_number":"MT-CP1007","shopify_order_id":5843250577663,"customer_id":"21"}
[2025-01-11 05:37:32] Processing order {"order_number":"MT-CP1006","shopify_order_id":5834460856575}
[2025-01-11 05:37:33] Metafields processed for order {"order_id":5834460856575,"order_number":"MT-CP1006","metafields":null}
[2025-01-11 05:37:33] Synced new order {"order_number":"MT-CP1006","shopify_order_id":5834460856575,"customer_id":"22"}
[2025-01-11 05:37:33] No more pages to fetch 
[2025-01-11 05:37:37] Starting product types fetch 
[2025-01-11 05:37:37] GraphQL Request Details {"url":"https:\/\/millennium-trapo.myshopify.com\/admin\/api\/2023-10\/graphql.json","query":"{\n    productTypes: shop {\n        productTypes(first: 250) {\n            edges {\n                node\n            }\n        }\n    }\n}"}
[2025-01-11 05:37:37] GraphQL Request Details {"url":"https:\/\/millennium-trapo.myshopify.com\/admin\/api\/2023-10\/graphql.json","http_code":200,"curl_verbose":"*   Trying 23.227.38.74:443...\n* Connected to millennium-trapo.myshopify.com (23.227.38.74) port 443 (#0)\n* ALPN, offering h2\n* ALPN, offering http\/1.1\n* successfully set certificate verify locations:\n*  CAfile: C:\\xampp\\apache\\bin\\curl-ca-bundle.crt\n*  CApath: none\n* SSL connection using TLSv1.3 \/ TLS_AES_256_GCM_SHA384\n* ALPN, server accepted to use h2\n* Server certificate:\n*  subject: CN=*.myshopify.com\n*  start date: Nov 15 00:18:35 2024 GMT\n*  expire date: Nov 15 00:22:23 2025 GMT\n*  subjectAltName: host \"millennium-trapo.myshopify.com\" matched cert's \"*.myshopify.com\"\n*  issuer: C=US; O=CLOUDFLARE, INC.; CN=Cloudflare TLS Issuing ECC CA 1\n*  SSL certificate verify ok.\n* Using HTTP2, server supports multi-use\n* Connection state changed (HTTP\/2 confirmed)\n* Copying HTTP\/2 data in stream buffer to connection buffer after upgrade: len=0\n* Using Stream ID: 1 (easy handle 0x1c492267650)\n> POST \/admin\/api\/2023-10\/graphql.json HTTP\/2\r\nHost: millennium-trapo.myshopify.com\r\naccept: *\/*\r\nx-shopify-access-token: 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\r\ncontent-type: application\/json\r\ncontent-length: 154\r\n\r\n* We are completely uploaded and fine\n* old SSL session ID is stale, removing\n< HTTP\/2 200 \r\n< date: Sat, 11 Jan 2025 04:37:37 GMT\r\n< content-type: application\/json; charset=utf-8\r\n< x-sorting-hat-podid: 254\r\n< x-sorting-hat-shopid: 71630749951\r\n< vary: Accept-Encoding\r\n< referrer-policy: origin-when-cross-origin\r\n< x-frame-options: DENY\r\n< x-shopid: 71630749951\r\n< x-shardid: 254\r\n< x-stats-userid: \r\n< x-stats-apiclientid: 179719569409\r\n< x-stats-apipermissionid: 521102983423\r\n< x-shopify-api-version: 2024-01\r\n< x-shopify-api-version-warning: https:\/\/shopify.dev\/concepts\/about-apis\/versioning\r\n< content-language: en\r\n< x-shopify-api-deprecated-reason: https:\/\/shopify.dev\/api\/usage\/versioning#deprecation-practices\r\n< strict-transport-security: max-age=7889238\r\n< x-request-id: 737e7856-080b-4069-9e77-9c42559262db-1736570257\r\n< server-timing: processing;dur=63, graphql;desc=\"admin\/query\/other\"\r\n< content-security-policy: default-src 'self' data: blob: 'unsafe-inline' 'unsafe-eval' https:\/\/* shopify-pos:\/\/*; block-all-mixed-content; child-src 'self' https:\/\/* shopify-pos:\/\/*; connect-src 'self' wss:\/\/* https:\/\/*; frame-ancestors 'none'; img-src 'self' data: blob: https:; script-src https:\/\/cdn.shopify.com https:\/\/cdn.shopifycdn.net https:\/\/checkout.pci.shopifyinc.com https:\/\/api.stripe.com https:\/\/mpsnare.iesnare.com https:\/\/appcenter.intuit.com https:\/\/www.paypal.com https:\/\/js.braintreegateway.com https:\/\/c.paypal.com https:\/\/maps.googleapis.com https:\/\/www.google-analytics.com https:\/\/v.shopify.com 'self' 'unsafe-inline' 'unsafe-eval'; upgrade-insecure-requests; report-uri \/csp-report?source%5Baction%5D=query&source%5Bapp%5D=Shopify&source%5Bcontroller%5D=admin%2Fgraphql&source%5Bsection%5D=admin_api&source%5Buuid%5D=737e7856-080b-4069-9e77-9c42559262db-1736570257; report-to shopify-csp\r\n< x-content-type-options: nosniff\r\n< x-download-options: noopen\r\n< x-permitted-cross-domain-policies: none\r\n< x-xss-protection: 1; mode=block; report=\/xss-report?source%5Baction%5D=query&source%5Bapp%5D=Shopify&source%5Bcontroller%5D=admin%2Fgraphql&source%5Bsection%5D=admin_api&source%5Buuid%5D=737e7856-080b-4069-9e77-9c42559262db-1736570257\r\n< reporting-endpoints: shopify-csp=\"\/csp-report?source%5Baction%5D=query&source%5Bapp%5D=Shopify&source%5Bcontroller%5D=admin%2Fgraphql&source%5Bsection%5D=admin_api&source%5Buuid%5D=737e7856-080b-4069-9e77-9c42559262db-1736570257\"\r\n< x-dc: gcp-us-central1,gcp-us-east1,gcp-us-east1\r\n< alt-svc: h3=\":443\"; ma=86400\r\n< cf-cache-status: DYNAMIC\r\n< report-to: {\"endpoints\":[{\"url\":\"https:\\\/\\\/a.nel.cloudflare.com\\\/report\\\/v4?s=RZ5hZ1HX2u28MnMgHU9OGJMf88M6UiE8uWZTtlbZHD7L91YgJMQcsoLnCNfCqprj5qMhPjY4tAa%2BaO8tbF5BIg9rGLu8sdw0PWyo8Bva6tIRzMysUYB%2BWHhSHDhDvF7Fqf%2FLapmmDMdGhAW6gDAAdg%3D%3D\"}],\"group\":\"cf-nel\",\"max_age\":604800}\r\n< nel: {\"success_fraction\":0.01,\"report_to\":\"cf-nel\",\"max_age\":604800}\r\n< server-timing: cfRequestDuration;dur=407.000065\r\n< server: cloudflare\r\n< cf-ray: 9002366adcbb406f-BOM\r\n< \r\n* Connection #0 to host millennium-trapo.myshopify.com left intact\n","request_headers":["X-Shopify-Access-Token: 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","Content-Type: application\/json"],"request_data":"{\"query\":\"{\\n    productTypes: shop {\\n        productTypes(first: 250) {\\n            edges {\\n                node\\n            }\\n        }\\n    }\\n}\"}"}
[2025-01-11 05:37:37] GraphQL Response Details {"http_code":200,"response_size":482,"decoded_structure":["data","extensions"]}
[2025-01-11 05:37:37] Completed product types fetch {"total_types":11,"sample_types":["CAR CARE","DETAILING BUNDLES","OFFLINE SERVICE","Promotional","TRAPO ACCESSORIES"]}
[2025-01-11 05:37:41] Starting getProductTags using REST API with cursor pagination 
[2025-01-11 05:37:41] Making REST API call {"url":"https:\/\/millennium-trapo.myshopify.com\/admin\/api\/2023-10\/products.json?fields=tags&limit=250","page":1,"current_unique_tags":0,"total_raw_tags":0,"duplicate_tags":0}
[2025-01-11 05:38:11] Page 1 processed {"products_in_page":250,"products_with_tags":249,"total_tags_in_page":2847,"new_unique_tags":214,"duplicate_tags":2633,"current_total_unique":214,"current_total_raw":2847}
[2025-01-11 05:38:11] No more pages to fetch 
[2025-01-11 05:38:11] Completed fetching tags {"total_pages":1,"total_unique_tags":214,"total_raw_tags":2847,"duplicate_tags":2633,"most_common_tags":{"hide-pg":228,"sitewide-sale":220,"brand:Audi":185,"hide-from-search":157,"package-option":129,"car-mats":127,"driver-passenger":127,"mat":127,"new-pricing":127,"storewide-discount":104},"sample_unique_tags":["15-off","15-off-new","1997-2007","1999-2003","2-seater","20-off","20-off-ram","2001-2008","2004-2011","2004-2013"]}
[2025-01-11 05:47:05] Error fetching customer: API returned error code: 404 {"customer_id":"13"}
[2025-01-11 05:47:06] Error fetching customer: API returned error code: 404 {"customer_id":"14"}
[2025-01-11 05:47:07] Error fetching customer: API returned error code: 404 {"customer_id":"18"}
[2025-01-11 05:47:07] Error fetching customer: API returned error code: 404 {"customer_id":"21"}
[2025-01-11 05:47:08] Error fetching customer: API returned error code: 404 {"customer_id":"22"}
[2025-01-11 05:47:08] Error fetching customer: API returned error code: 404 {"customer_id":"23"}
[2025-01-11 05:47:09] Error fetching customer: API returned error code: 404 {"customer_id":"24"}
[2025-01-11 05:47:09] Error fetching customer: API returned error code: 404 {"customer_id":"25"}
[2025-01-11 05:47:10] Error fetching customer: API returned error code: 404 {"customer_id":"27"}
[2025-01-11 05:47:11] Error fetching customer: API returned error code: 404 {"customer_id":"28"}
