2025-01-10 19:21:26 | Webhook Start
2025-01-10 19:21:26 | Request Details | {"method":"POST","headers":{"hmac":"present","topic":"orders\/create","shop":"millennium.trapo.com"}}
2025-01-10 19:21:26 | Raw Data Received | {"length":7972}
2025-01-10 19:21:26 | JSON Decode Result | {"success":true,"error_code":0,"error_message":"No error"}
2025-01-10 19:21:26 | Verifying Webhook | {"hmac_length":44,"data_sample":"{\"id\":820982911946154508,\"admin_graphql_api_id\":\"g..."}
2025-01-10 19:21:26 | Verify Webhook Function | {"hmac":"MKRPGWwErJmwKsJlhVMBJNugg9Bp6V2ulmU0rW66W+c="}
2025-01-10 19:21:26 | Secret Check | {"secret_exists":true,"secret_length":64}
2025-01-10 19:21:26 | HMAC Calculation | {"calculated_hmac_length":44,"received_hmac_length":44}
2025-01-10 19:21:26 | HMAC Result | {"match":true,"calculated_hmac":"MKRPGWwErJmwKsJlhVMBJNugg9Bp6V2ulmU0rW66W+c=","received_hmac":"MKRPGWwErJmwKsJlhVMBJNugg9Bp6V2ulmU0rW66W+c="}
2025-01-10 19:21:26 | Verification Result | {"verified":true}
2025-01-10 19:21:26 | Webhook Verified
2025-01-10 19:21:26 | Order Details | {"id":820982911946154508,"number":"#9999"}
2025-01-10 19:21:26 | Processing Cancelled/Voided Order | {"reason":"customer","status":"voided"}
2025-01-10 19:21:26 | Database Connected
2025-01-10 19:21:26 | Transaction Started
2025-01-10 19:21:26 | Order Is New
2025-01-10 19:21:26 | Syncing Customer | {"customer_id":115310627314723954}
2025-01-10 19:21:26 | Processing Order
2025-01-10 19:21:26 | Order Data Prepared | {"id":820982911946154508,"number":"#9999","total":"913.66","status":"voided","timestamps":{"processed":"2025-01-11T02:21:25+08:00","created":"2025-01-11T02:21:25+08:00","updated":"2025-01-11T02:21:25+08:00"}}
2025-01-10 19:21:26 | SQL Query | {"query":"INSERT INTO orders (shopify_order_id, order_number, email, total_price, subtotal_price, total_tax, total_shipping, financial_status, fulfillment_status, currency, cancelled_at, cancel_reason, processed_at, created_at, updated_at, line_items, shipping_lines, tax_lines, shipping_address, billing_address, discount_codes, discount_applications, customer_id) VALUES (:shopify_order_id, :order_number, :email, :total_price, :subtotal_price, :total_tax, :total_shipping, :financial_status, :fulfillment_status, :currency, :cancelled_at, :cancel_reason, :processed_at, :created_at, :updated_at, :line_items, :shipping_lines, :tax_lines, :shipping_address, :billing_address, :discount_codes, :discount_applications, :customer_id)","data":{"shopify_order_id":820982911946154508,"order_number":"#9999...","email":"jon@example.com...","total_price":"913.66...","subtotal_price":"913.66...","total_tax":"0.00...","total_shipping":"10.00...","financial_status":"voided...","fulfillment_status":null,"currency":"MYR...","cancelled_at":"2025-01-11T02:21:25+08:00...","cancel_reason":"customer...","processed_at":"2025-01-11T02:21:25+08:00...","created_at":"2025-01-11T02:21:25+08:00...","updated_at":"2025-01-11T02:21:25+08:00...","line_items":"[{\"id\":866550311766439020,\"admin_graphql_api_id\":\"...","shipping_lines":"[{\"id\":271878346596884015,\"carrier_identifier\":nul...","tax_lines":"[]...","shipping_address":"{\"first_name\":\"Steve\",\"address1\":\"123 Shipping Str...","billing_address":"{\"first_name\":\"Steve\",\"address1\":\"123 Shipping Str...","discount_codes":"[]...","discount_applications":"[]...","customer_id":"96..."}}
2025-01-10 19:21:26 | Order Inserted | {"order_id":"298"}
2025-01-10 19:21:47 | Webhook Start
2025-01-10 19:21:47 | Request Details | {"method":"GET","headers":{"hmac":"missing","topic":"missing","shop":"missing"}}
2025-01-10 19:21:47 | Invalid Request | {"method":"GET","hmac_present":false}
